#
# There is insufficient memory for the Java Runtime Environment to continue.
# Native memory allocation (malloc) failed to allocate 1892816 bytes for Chunk::new
# Possible reasons:
#   The system is out of physical RAM or swap space
#   The process is running with CompressedOops enabled, and the Java Heap may be blocking the growth of the native heap
# Possible solutions:
#   Reduce memory load on the system
#   Increase physical memory or swap space
#   Check if swap backing store is full
#   Decrease Java heap size (-Xmx/-Xms)
#   Decrease number of Java threads
#   Decrease Java thread stack sizes (-Xss)
#   Set larger code cache with -XX:ReservedCodeCacheSize=
#   JVM is running with Unscaled Compressed Oops mode in which the Java heap is
#     placed in the first 4GB address space. The Java Heap base address is the
#     maximum limit for the native heap growth. Please use -XX:HeapBaseMinAddress
#     to set the Java Heap base and to place the Java Heap above 4GB virtual address.
# This output file may be truncated or incomplete.
#
#  Out of Memory Error (./src/hotspot/share/memory/arena.cpp:197), pid=9136, tid=20604
#
# JRE version: OpenJDK Runtime Environment (11.0.12+7) (build 11.0.12+7-b1504.28-7817840)
# Java VM: OpenJDK 64-Bit Server VM (11.0.12+7-b1504.28-7817840, mixed mode, tiered, compressed oops, g1 gc, windows-amd64)
# No core dump will be written. Minidumps are not enabled by default on client versions of Windows
#

---------------  S U M M A R Y ------------

Command Line: --add-opens=java.base/java.util=ALL-UNNAMED --add-opens=java.base/java.lang=ALL-UNNAMED --add-opens=java.base/java.lang.invoke=ALL-UNNAMED --add-opens=java.base/java.util=ALL-UNNAMED --add-opens=java.prefs/java.util.prefs=ALL-UNNAMED --add-opens=java.prefs/java.util.prefs=ALL-UNNAMED --add-opens=java.base/java.nio.charset=ALL-UNNAMED --add-opens=java.base/java.net=ALL-UNNAMED --add-opens=java.base/java.util.concurrent.atomic=ALL-UNNAMED -Xmx2048M -Dfile.encoding=windows-1252 -Duser.country=ES -Duser.language=es -Duser.variant org.gradle.launcher.daemon.bootstrap.GradleDaemon 7.2

Host: Intel(R) Core(TM) i7-7500U CPU @ 2.70GHz, 4 cores, 15G,  Windows 10 , 64 bit Build 19041 (10.0.19041.1741)
Time: Tue Jul 12 09:40:56 2022 Hora estándar de Argentina elapsed time: 20.171344 seconds (0d 0h 0m 20s)

---------------  T H R E A D  ---------------

Current thread (0x000001cffc2e0000):  JavaThread "C2 CompilerThread0" daemon [_thread_in_native, id=20604, stack(0x000000bc79900000,0x000000bc79a00000)]


Current CompileTask:
C2:  20171 5887   !   4       com.google.common.reflect.TypeVisitor::visit (244 bytes)

Stack: [0x000000bc79900000,0x000000bc79a00000]
Native frames: (J=compiled Java code, j=interpreted, Vv=VM code, C=native code)
V  [jvm.dll+0x5fbcea]
V  [jvm.dll+0x731905]
V  [jvm.dll+0x732f1d]
V  [jvm.dll+0x7335d3]
V  [jvm.dll+0x247bf8]
V  [jvm.dll+0xc018c]
V  [jvm.dll+0xc06cc]
V  [jvm.dll+0x35b2db]
V  [jvm.dll+0x328803]
V  [jvm.dll+0x327cfa]
V  [jvm.dll+0x200602]
V  [jvm.dll+0x1ff794]
V  [jvm.dll+0x18868c]
V  [jvm.dll+0x20e0d7]
V  [jvm.dll+0x20c901]
V  [jvm.dll+0x6f9b7f]
V  [jvm.dll+0x6f26a5]
V  [jvm.dll+0x5fabf6]
C  [ucrtbase.dll+0x21bb2]
C  [KERNEL32.DLL+0x17034]
C  [ntdll.dll+0x52651]


---------------  P R O C E S S  ---------------

Threads class SMR info:
_java_thread_list=0x000001cf8f1f9780, length=79, elements={
0x000001cff067a000, 0x000001cffc276000, 0x000001cffc277800, 0x000001cffc2d8000,
0x000001cffc2d9000, 0x000001cffc2dc000, 0x000001cffc2e0000, 0x000001cffc2e1800,
0x000001cffc2f3800, 0x000001cffc43a000, 0x000001cffe41e000, 0x000001cfff0ed000,
0x000001cf8f372800, 0x000001cfff0da000, 0x000001cfff0db000, 0x000001cfff0e0000,
0x000001cfff0e0800, 0x000001cfff0df000, 0x000001cfff0db800, 0x000001cfff0dc800,
0x000001cfff0de000, 0x000001cfff0dd800, 0x000001cffd360800, 0x000001cffd362000,
0x000001cffd367000, 0x000001cffd366000, 0x000001cffd363000, 0x000001cffd361000,
0x000001cffd363800, 0x000001cffd364800, 0x000001cf8f6a4000, 0x000001cf8f6a9000,
0x000001cf8f6a7000, 0x000001cf8f6a5800, 0x000001cf8f6aa800, 0x000001cf8f6ac000,
0x000001cf8f6a4800, 0x000001cf8f6a9800, 0x000001cf8f6a6800, 0x000001cf8f6ab000,
0x000001cf8f6b1000, 0x000001cf8f6b1800, 0x000001cf8f6ad800, 0x000001cf8f6b2800,
0x000001cf8f6ad000, 0x000001cf8f6af800, 0x000001cf8f6b0000, 0x000001cf8f6ae800,
0x000001cf8f022000, 0x000001cf8f023800, 0x000001cf8f024800, 0x000001cf8f022800,
0x000001cf8f025000, 0x000001cf8f026000, 0x000001cf8f020800, 0x000001cf8f027000,
0x000001cf8f021000, 0x000001cf8f02a000, 0x000001cf8f028800, 0x000001cf8f02d800,
0x000001cf8f027800, 0x000001cf8f02c800, 0x000001cf8f02b800, 0x000001cf8f02b000,
0x000001cf8f029800, 0x000001cf8f02f000, 0x000001cf8f02e000, 0x000001cf90a5e000,
0x000001cf90a5b000, 0x000001cf90a5a000, 0x000001cf90a5b800, 0x000001cf90a5c800,
0x000001cf90a59000, 0x000001cf90a5f000, 0x000001cf90a5d000, 0x000001cf90a64000,
0x000001cf90a64800, 0x000001cf90a65800, 0x000001cf90a63000
}

Java Threads: ( => current thread )
  0x000001cff067a000 JavaThread "main" [_thread_blocked, id=17580, stack(0x000000bc78d00000,0x000000bc78e00000)]
  0x000001cffc276000 JavaThread "Reference Handler" daemon [_thread_blocked, id=31296, stack(0x000000bc79400000,0x000000bc79500000)]
  0x000001cffc277800 JavaThread "Finalizer" daemon [_thread_blocked, id=23392, stack(0x000000bc79500000,0x000000bc79600000)]
  0x000001cffc2d8000 JavaThread "Signal Dispatcher" daemon [_thread_blocked, id=19192, stack(0x000000bc79600000,0x000000bc79700000)]
  0x000001cffc2d9000 JavaThread "Attach Listener" daemon [_thread_blocked, id=5644, stack(0x000000bc79700000,0x000000bc79800000)]
  0x000001cffc2dc000 JavaThread "Service Thread" daemon [_thread_blocked, id=28912, stack(0x000000bc79800000,0x000000bc79900000)]
=>0x000001cffc2e0000 JavaThread "C2 CompilerThread0" daemon [_thread_in_native, id=20604, stack(0x000000bc79900000,0x000000bc79a00000)]
  0x000001cffc2e1800 JavaThread "C1 CompilerThread0" daemon [_thread_blocked, id=19068, stack(0x000000bc79a00000,0x000000bc79b00000)]
  0x000001cffc2f3800 JavaThread "Sweeper thread" daemon [_thread_blocked, id=19868, stack(0x000000bc79b00000,0x000000bc79c00000)]
  0x000001cffc43a000 JavaThread "Common-Cleaner" daemon [_thread_blocked, id=17844, stack(0x000000bc79c00000,0x000000bc79d00000)]
  0x000001cffe41e000 JavaThread "Daemon health stats" [_thread_blocked, id=30760, stack(0x000000bc7a200000,0x000000bc7a300000)]
  0x000001cfff0ed000 JavaThread "Incoming local TCP Connector on port 64061" [_thread_in_native, id=25048, stack(0x000000bc7a100000,0x000000bc7a200000)]
  0x000001cf8f372800 JavaThread "Daemon periodic checks" [_thread_blocked, id=3972, stack(0x000000bc7a300000,0x000000bc7a400000)]
  0x000001cfff0da000 JavaThread "Daemon" [_thread_blocked, id=27704, stack(0x000000bc7a400000,0x000000bc7a500000)]
  0x000001cfff0db000 JavaThread "Handler for socket connection from /127.0.0.1:64061 to /127.0.0.1:64064" [_thread_in_native, id=25864, stack(0x000000bc7a500000,0x000000bc7a600000)]
  0x000001cfff0e0000 JavaThread "Cancel handler" [_thread_blocked, id=15316, stack(0x000000bc7a600000,0x000000bc7a700000)]
  0x000001cfff0e0800 JavaThread "Daemon worker" [_thread_in_vm, id=24636, stack(0x000000bc7a700000,0x000000bc7a800000)]
  0x000001cfff0df000 JavaThread "Asynchronous log dispatcher for DefaultDaemonConnection: socket connection from /127.0.0.1:64061 to /127.0.0.1:64064" [_thread_blocked, id=20436, stack(0x000000bc7a800000,0x000000bc7a900000)]
  0x000001cfff0db800 JavaThread "Stdin handler" [_thread_blocked, id=26424, stack(0x000000bc7a900000,0x000000bc7aa00000)]
  0x000001cfff0dc800 JavaThread "Daemon client event forwarder" [_thread_blocked, id=8964, stack(0x000000bc7aa00000,0x000000bc7ab00000)]
  0x000001cfff0de000 JavaThread "Cache worker for journal cache (C:\Users\Marcelo\.gradle\wrapper\dists\gradle-7.3.3\caches\journal-1)" [_thread_blocked, id=13676, stack(0x000000bc7ab00000,0x000000bc7ac00000)]
  0x000001cfff0dd800 JavaThread "File lock request listener" [_thread_in_native, id=27764, stack(0x000000bc7ac00000,0x000000bc7ad00000)]
  0x000001cffd360800 JavaThread "Cache worker for file hash cache (C:\Users\Marcelo\.gradle\wrapper\dists\gradle-7.3.3\caches\7.2\fileHashes)" [_thread_blocked, id=12416, stack(0x000000bc7ad00000,0x000000bc7ae00000)]
  0x000001cffd362000 JavaThread "Cache worker for file hash cache (D:\LAN\Tecnicatura\TallerAvanzadoLean\.gradle\7.2\fileHashes)" [_thread_blocked, id=29000, stack(0x000000bc7ae00000,0x000000bc7af00000)]
  0x000001cffd367000 JavaThread "File watcher server" daemon [_thread_in_native, id=4400, stack(0x000000bc7b000000,0x000000bc7b100000)]
  0x000001cffd366000 JavaThread "File watcher consumer" daemon [_thread_blocked, id=9760, stack(0x000000bc7b100000,0x000000bc7b200000)]
  0x000001cffd363000 JavaThread "Cache worker for checksums cache (D:\LAN\Tecnicatura\TallerAvanzadoLean\.gradle\checksums)" [_thread_blocked, id=29616, stack(0x000000bc7b200000,0x000000bc7b300000)]
  0x000001cffd361000 JavaThread "Cache worker for cache directory md-supplier (C:\Users\Marcelo\.gradle\wrapper\dists\gradle-7.3.3\caches\7.2\md-supplier)" [_thread_blocked, id=23232, stack(0x000000bc7b300000,0x000000bc7b400000)]
  0x000001cffd363800 JavaThread "Cache worker for cache directory md-rule (C:\Users\Marcelo\.gradle\wrapper\dists\gradle-7.3.3\caches\7.2\md-rule)" [_thread_blocked, id=30728, stack(0x000000bc7af00000,0x000000bc7b000000)]
  0x000001cffd364800 JavaThread "Cache worker for execution history cache (C:\Users\Marcelo\.gradle\wrapper\dists\gradle-7.3.3\caches\7.2\executionHistory)" [_thread_blocked, id=13180, stack(0x000000bc7b400000,0x000000bc7b500000)]
  0x000001cf8f6a4000 JavaThread "Cache worker for kotlin-dsl (C:\Users\Marcelo\.gradle\wrapper\dists\gradle-7.3.3\caches\7.2\kotlin-dsl)" [_thread_blocked, id=30124, stack(0x000000bc7b600000,0x000000bc7b700000)]
  0x000001cf8f6a9000 JavaThread "jar transforms" [_thread_blocked, id=27888, stack(0x000000bc7b700000,0x000000bc7b800000)]
  0x000001cf8f6a7000 JavaThread "jar transforms Thread 2" [_thread_blocked, id=31052, stack(0x000000bc7b800000,0x000000bc7b900000)]
  0x000001cf8f6a5800 JavaThread "Cache worker for dependencies-accessors (D:\LAN\Tecnicatura\TallerAvanzadoLean\.gradle\7.2\dependencies-accessors)" [_thread_blocked, id=18024, stack(0x000000bc7b900000,0x000000bc7ba00000)]
  0x000001cf8f6aa800 JavaThread "Cache worker for Build Output Cleanup Cache (D:\LAN\Tecnicatura\TallerAvanzadoLean\.gradle\buildOutputCleanup)" [_thread_blocked, id=31248, stack(0x000000bc7ba00000,0x000000bc7bb00000)]
  0x000001cf8f6ac000 JavaThread "jar transforms Thread 3" [_thread_blocked, id=21492, stack(0x000000bc7bb00000,0x000000bc7bc00000)]
  0x000001cf8f6a4800 JavaThread "Unconstrained build operations" [_thread_blocked, id=17820, stack(0x000000bc7b500000,0x000000bc7b600000)]
  0x000001cf8f6a9800 JavaThread "Unconstrained build operations Thread 2" [_thread_blocked, id=31036, stack(0x000000bc7bc00000,0x000000bc7bd00000)]
  0x000001cf8f6a6800 JavaThread "Unconstrained build operations Thread 3" [_thread_blocked, id=16984, stack(0x000000bc7bd00000,0x000000bc7be00000)]
  0x000001cf8f6ab000 JavaThread "Unconstrained build operations Thread 4" [_thread_blocked, id=6348, stack(0x000000bc7be00000,0x000000bc7bf00000)]
  0x000001cf8f6b1000 JavaThread "Unconstrained build operations Thread 5" [_thread_blocked, id=15972, stack(0x000000bc7bf00000,0x000000bc7c000000)]
  0x000001cf8f6b1800 JavaThread "Unconstrained build operations Thread 6" [_thread_blocked, id=29324, stack(0x000000bc7c000000,0x000000bc7c100000)]
  0x000001cf8f6ad800 JavaThread "Unconstrained build operations Thread 7" [_thread_blocked, id=19204, stack(0x000000bc7c100000,0x000000bc7c200000)]
  0x000001cf8f6b2800 JavaThread "Unconstrained build operations Thread 8" [_thread_blocked, id=23064, stack(0x000000bc7c200000,0x000000bc7c300000)]
  0x000001cf8f6ad000 JavaThread "Unconstrained build operations Thread 9" [_thread_blocked, id=21584, stack(0x000000bc7c300000,0x000000bc7c400000)]
  0x000001cf8f6af800 JavaThread "Unconstrained build operations Thread 10" [_thread_blocked, id=29296, stack(0x000000bc7c400000,0x000000bc7c500000)]
  0x000001cf8f6b0000 JavaThread "Unconstrained build operations Thread 11" [_thread_blocked, id=12948, stack(0x000000bc7c500000,0x000000bc7c600000)]
  0x000001cf8f6ae800 JavaThread "Unconstrained build operations Thread 12" [_thread_blocked, id=22140, stack(0x000000bc7c600000,0x000000bc7c700000)]
  0x000001cf8f022000 JavaThread "Unconstrained build operations Thread 13" [_thread_blocked, id=31556, stack(0x000000bc7c700000,0x000000bc7c800000)]
  0x000001cf8f023800 JavaThread "Unconstrained build operations Thread 14" [_thread_blocked, id=29600, stack(0x000000bc7c800000,0x000000bc7c900000)]
  0x000001cf8f024800 JavaThread "Unconstrained build operations Thread 15" [_thread_blocked, id=13012, stack(0x000000bc7c900000,0x000000bc7ca00000)]
  0x000001cf8f022800 JavaThread "Unconstrained build operations Thread 16" [_thread_blocked, id=30656, stack(0x000000bc7ca00000,0x000000bc7cb00000)]
  0x000001cf8f025000 JavaThread "Unconstrained build operations Thread 17" [_thread_blocked, id=24980, stack(0x000000bc7cb00000,0x000000bc7cc00000)]
  0x000001cf8f026000 JavaThread "Unconstrained build operations Thread 18" [_thread_blocked, id=13936, stack(0x000000bc7cc00000,0x000000bc7cd00000)]
  0x000001cf8f020800 JavaThread "Unconstrained build operations Thread 19" [_thread_blocked, id=31520, stack(0x000000bc7cd00000,0x000000bc7ce00000)]
  0x000001cf8f027000 JavaThread "Unconstrained build operations Thread 20" [_thread_blocked, id=1856, stack(0x000000bc7ce00000,0x000000bc7cf00000)]
  0x000001cf8f021000 JavaThread "Unconstrained build operations Thread 21" [_thread_blocked, id=724, stack(0x000000bc7cf00000,0x000000bc7d000000)]
  0x000001cf8f02a000 JavaThread "Unconstrained build operations Thread 22" [_thread_blocked, id=9728, stack(0x000000bc7d000000,0x000000bc7d100000)]
  0x000001cf8f028800 JavaThread "Unconstrained build operations Thread 23" [_thread_blocked, id=31156, stack(0x000000bc7d100000,0x000000bc7d200000)]
  0x000001cf8f02d800 JavaThread "Unconstrained build operations Thread 24" [_thread_blocked, id=23336, stack(0x000000bc7d200000,0x000000bc7d300000)]
  0x000001cf8f027800 JavaThread "Unconstrained build operations Thread 25" [_thread_blocked, id=29184, stack(0x000000bc7d300000,0x000000bc7d400000)]
  0x000001cf8f02c800 JavaThread "Unconstrained build operations Thread 26" [_thread_blocked, id=21624, stack(0x000000bc7d400000,0x000000bc7d500000)]
  0x000001cf8f02b800 JavaThread "Unconstrained build operations Thread 27" [_thread_blocked, id=21036, stack(0x000000bc7d500000,0x000000bc7d600000)]
  0x000001cf8f02b000 JavaThread "Unconstrained build operations Thread 28" [_thread_blocked, id=15344, stack(0x000000bc7d600000,0x000000bc7d700000)]
  0x000001cf8f029800 JavaThread "Unconstrained build operations Thread 29" [_thread_blocked, id=18668, stack(0x000000bc7d700000,0x000000bc7d800000)]
  0x000001cf8f02f000 JavaThread "Unconstrained build operations Thread 30" [_thread_blocked, id=31708, stack(0x000000bc7d800000,0x000000bc7d900000)]
  0x000001cf8f02e000 JavaThread "Unconstrained build operations Thread 31" [_thread_blocked, id=31656, stack(0x000000bc7d900000,0x000000bc7da00000)]
  0x000001cf90a5e000 JavaThread "Unconstrained build operations Thread 32" [_thread_blocked, id=29016, stack(0x000000bc7da00000,0x000000bc7db00000)]
  0x000001cf90a5b000 JavaThread "Unconstrained build operations Thread 33" [_thread_blocked, id=17456, stack(0x000000bc7db00000,0x000000bc7dc00000)]
  0x000001cf90a5a000 JavaThread "Unconstrained build operations Thread 34" [_thread_blocked, id=9988, stack(0x000000bc7dc00000,0x000000bc7dd00000)]
  0x000001cf90a5b800 JavaThread "Unconstrained build operations Thread 35" [_thread_blocked, id=26596, stack(0x000000bc7dd00000,0x000000bc7de00000)]
  0x000001cf90a5c800 JavaThread "Unconstrained build operations Thread 36" [_thread_blocked, id=22120, stack(0x000000bc7de00000,0x000000bc7df00000)]
  0x000001cf90a59000 JavaThread "Unconstrained build operations Thread 37" [_thread_blocked, id=31416, stack(0x000000bc7df00000,0x000000bc7e000000)]
  0x000001cf90a5f000 JavaThread "Unconstrained build operations Thread 38" [_thread_blocked, id=31552, stack(0x000000bc7e000000,0x000000bc7e100000)]
  0x000001cf90a5d000 JavaThread "Unconstrained build operations Thread 39" [_thread_blocked, id=13940, stack(0x000000bc7e100000,0x000000bc7e200000)]
  0x000001cf90a64000 JavaThread "Unconstrained build operations Thread 40" [_thread_blocked, id=9240, stack(0x000000bc7e200000,0x000000bc7e300000)]
  0x000001cf90a64800 JavaThread "jar transforms Thread 4" [_thread_blocked, id=21376, stack(0x000000bc7e400000,0x000000bc7e500000)]
  0x000001cf90a65800 JavaThread "C2 CompilerThread1" daemon [_thread_in_native, id=29432, stack(0x000000bc7e300000,0x000000bc7e400000)]
  0x000001cf90a63000 JavaThread "Cache worker for file content cache (C:\Users\Marcelo\.gradle\wrapper\dists\gradle-7.3.3\caches\7.2\fileContent)" [_thread_blocked, id=31624, stack(0x000000bc7e500000,0x000000bc7e600000)]

Other Threads:
  0x000001cffba49000 VMThread "VM Thread" [stack: 0x000000bc79300000,0x000000bc79400000] [id=26644]
  0x000001cffc453800 WatcherThread [stack: 0x000000bc79d00000,0x000000bc79e00000] [id=9888]
  0x000001cff0694000 GCTaskThread "GC Thread#0" [stack: 0x000000bc78e00000,0x000000bc78f00000] [id=12508]
  0x000001cffcd51800 GCTaskThread "GC Thread#1" [stack: 0x000000bc79e00000,0x000000bc79f00000] [id=26288]
  0x000001cffcd52000 GCTaskThread "GC Thread#2" [stack: 0x000000bc79f00000,0x000000bc7a000000] [id=30988]
  0x000001cffcd52800 GCTaskThread "GC Thread#3" [stack: 0x000000bc7a000000,0x000000bc7a100000] [id=23236]
  0x000001cff06c7800 ConcurrentGCThread "G1 Main Marker" [stack: 0x000000bc78f00000,0x000000bc79000000] [id=23244]
  0x000001cff06c9000 ConcurrentGCThread "G1 Conc#0" [stack: 0x000000bc79000000,0x000000bc79100000] [id=23296]
  0x000001cffb8b4800 ConcurrentGCThread "G1 Refine#0" [stack: 0x000000bc79100000,0x000000bc79200000] [id=15768]
  0x000001cffb8b5800 ConcurrentGCThread "G1 Young RemSet Sampling" [stack: 0x000000bc79200000,0x000000bc79300000] [id=28776]

Threads with active compile tasks:
C2 CompilerThread0  20447 5887   !   4       com.google.common.reflect.TypeVisitor::visit (244 bytes)
C2 CompilerThread1  20447 6001       4       org.objectweb.asm.SymbolTable::addConstantMemberReference (147 bytes)

VM state:not at safepoint (normal execution)

VM Mutex/Monitor currently owned by a thread: None

Heap address: 0x0000000080000000, size: 2048 MB, Compressed Oops mode: 32-bit
Narrow klass base: 0x0000000000000000, Narrow klass shift: 3
Compressed class space size: 1073741824 Address: 0x0000000100000000

Heap:
 garbage-first heap   total 262144K, used 70877K [0x0000000080000000, 0x0000000100000000)
  region size 1024K, 22 young (22528K), 2 survivors (2048K)
 Metaspace       used 61605K, capacity 62982K, committed 63272K, reserved 1103872K
  class space    used 7861K, capacity 8387K, committed 8448K, reserved 1048576K
Heap Regions: E=young(eden), S=young(survivor), O=old, HS=humongous(starts), HC=humongous(continues), CS=collection set, F=free, A=archive, TAMS=top-at-mark-start (previous, next)
|   0|0x0000000080000000, 0x0000000080100000, 0x0000000080100000|100%|HS|  |TAMS 0x0000000080100000, 0x0000000080000000| Complete 
|   1|0x0000000080100000, 0x0000000080200000, 0x0000000080200000|100%|HC|  |TAMS 0x0000000080200000, 0x0000000080100000| Complete 
|   2|0x0000000080200000, 0x0000000080300000, 0x0000000080300000|100%|HC|  |TAMS 0x0000000080300000, 0x0000000080200000| Complete 
|   3|0x0000000080300000, 0x0000000080400000, 0x0000000080400000|100%| O|  |TAMS 0x0000000080400000, 0x0000000080300000| Untracked 
|   4|0x0000000080400000, 0x0000000080500000, 0x0000000080500000|100%| O|  |TAMS 0x0000000080500000, 0x0000000080400000| Untracked 
|   5|0x0000000080500000, 0x0000000080600000, 0x0000000080600000|100%| O|  |TAMS 0x0000000080600000, 0x0000000080500000| Untracked 
|   6|0x0000000080600000, 0x0000000080700000, 0x0000000080700000|100%| O|  |TAMS 0x0000000080700000, 0x0000000080600000| Untracked 
|   7|0x0000000080700000, 0x0000000080800000, 0x0000000080800000|100%| O|  |TAMS 0x0000000080800000, 0x0000000080700000| Untracked 
|   8|0x0000000080800000, 0x0000000080900000, 0x0000000080900000|100%| O|  |TAMS 0x0000000080900000, 0x0000000080800000| Untracked 
|   9|0x0000000080900000, 0x0000000080a00000, 0x0000000080a00000|100%| O|  |TAMS 0x0000000080a00000, 0x0000000080900000| Untracked 
|  10|0x0000000080a00000, 0x0000000080b00000, 0x0000000080b00000|100%| O|  |TAMS 0x0000000080b00000, 0x0000000080a00000| Untracked 
|  11|0x0000000080b00000, 0x0000000080c00000, 0x0000000080c00000|100%| O|  |TAMS 0x0000000080c00000, 0x0000000080b00000| Untracked 
|  12|0x0000000080c00000, 0x0000000080d00000, 0x0000000080d00000|100%| O|  |TAMS 0x0000000080d00000, 0x0000000080c00000| Untracked 
|  13|0x0000000080d00000, 0x0000000080e00000, 0x0000000080e00000|100%| O|  |TAMS 0x0000000080e00000, 0x0000000080d00000| Untracked 
|  14|0x0000000080e00000, 0x0000000080f00000, 0x0000000080f00000|100%| O|  |TAMS 0x0000000080f00000, 0x0000000080e00000| Untracked 
|  15|0x0000000080f00000, 0x0000000081000000, 0x0000000081000000|100%| O|  |TAMS 0x0000000081000000, 0x0000000080f00000| Untracked 
|  16|0x0000000081000000, 0x0000000081100000, 0x0000000081100000|100%|HS|  |TAMS 0x0000000081100000, 0x0000000081000000| Complete 
|  17|0x0000000081100000, 0x0000000081200000, 0x0000000081200000|100%|HS|  |TAMS 0x0000000081200000, 0x0000000081100000| Complete 
|  18|0x0000000081200000, 0x0000000081300000, 0x0000000081300000|100%|HS|  |TAMS 0x0000000081300000, 0x0000000081200000| Complete 
|  19|0x0000000081300000, 0x0000000081400000, 0x0000000081400000|100%|HS|  |TAMS 0x0000000081400000, 0x0000000081300000| Complete 
|  20|0x0000000081400000, 0x0000000081500000, 0x0000000081500000|100%|HS|  |TAMS 0x0000000081500000, 0x0000000081400000| Complete 
|  21|0x0000000081500000, 0x0000000081600000, 0x0000000081600000|100%|HC|  |TAMS 0x0000000081600000, 0x0000000081500000| Complete 
|  22|0x0000000081600000, 0x0000000081700000, 0x0000000081700000|100%|HC|  |TAMS 0x0000000081700000, 0x0000000081600000| Complete 
|  23|0x0000000081700000, 0x0000000081800000, 0x0000000081800000|100%|HS|  |TAMS 0x0000000081800000, 0x0000000081700000| Complete 
|  24|0x0000000081800000, 0x0000000081900000, 0x0000000081900000|100%|HC|  |TAMS 0x0000000081900000, 0x0000000081800000| Complete 
|  25|0x0000000081900000, 0x0000000081a00000, 0x0000000081a00000|100%| O|  |TAMS 0x0000000081a00000, 0x0000000081900000| Untracked 
|  26|0x0000000081a00000, 0x0000000081b00000, 0x0000000081b00000|100%| O|  |TAMS 0x0000000081b00000, 0x0000000081a00000| Untracked 
|  27|0x0000000081b00000, 0x0000000081c00000, 0x0000000081c00000|100%| O|  |TAMS 0x0000000081c00000, 0x0000000081b00000| Untracked 
|  28|0x0000000081c00000, 0x0000000081d00000, 0x0000000081d00000|100%| O|  |TAMS 0x0000000081d00000, 0x0000000081c00000| Untracked 
|  29|0x0000000081d00000, 0x0000000081e00000, 0x0000000081e00000|100%| O|  |TAMS 0x0000000081e00000, 0x0000000081d00000| Untracked 
|  30|0x0000000081e00000, 0x0000000081f00000, 0x0000000081f00000|100%| O|  |TAMS 0x0000000081f00000, 0x0000000081e00000| Untracked 
|  31|0x0000000081f00000, 0x0000000082000000, 0x0000000082000000|100%| O|  |TAMS 0x0000000082000000, 0x0000000081f00000| Untracked 
|  32|0x0000000082000000, 0x0000000082100000, 0x0000000082100000|100%| O|  |TAMS 0x0000000082100000, 0x0000000082000000| Untracked 
|  33|0x0000000082100000, 0x0000000082200000, 0x0000000082200000|100%| O|  |TAMS 0x0000000082200000, 0x0000000082100000| Untracked 
|  34|0x0000000082200000, 0x0000000082300000, 0x0000000082300000|100%| O|  |TAMS 0x0000000082300000, 0x0000000082200000| Untracked 
|  35|0x0000000082300000, 0x0000000082400000, 0x0000000082400000|100%| O|  |TAMS 0x0000000082400000, 0x0000000082300000| Untracked 
|  36|0x0000000082400000, 0x0000000082500000, 0x0000000082500000|100%| O|  |TAMS 0x0000000082500000, 0x0000000082400000| Untracked 
|  37|0x0000000082500000, 0x0000000082600000, 0x0000000082600000|100%| O|  |TAMS 0x0000000082600000, 0x0000000082500000| Untracked 
|  38|0x0000000082600000, 0x0000000082700000, 0x0000000082700000|100%| O|  |TAMS 0x0000000082700000, 0x0000000082600000| Untracked 
|  39|0x0000000082700000, 0x0000000082800000, 0x0000000082800000|100%| O|  |TAMS 0x0000000082800000, 0x0000000082700000| Untracked 
|  40|0x0000000082800000, 0x0000000082900000, 0x0000000082900000|100%| O|  |TAMS 0x0000000082900000, 0x0000000082800000| Untracked 
|  41|0x0000000082900000, 0x0000000082a00000, 0x0000000082a00000|100%| O|  |TAMS 0x0000000082a00000, 0x0000000082900000| Untracked 
|  42|0x0000000082a00000, 0x0000000082b00000, 0x0000000082b00000|100%| O|  |TAMS 0x0000000082b00000, 0x0000000082a00000| Untracked 
|  43|0x0000000082b00000, 0x0000000082c00000, 0x0000000082c00000|100%| O|  |TAMS 0x0000000082c00000, 0x0000000082b00000| Untracked 
|  44|0x0000000082c00000, 0x0000000082d00000, 0x0000000082d00000|100%| O|  |TAMS 0x0000000082d00000, 0x0000000082c00000| Untracked 
|  45|0x0000000082d00000, 0x0000000082e00000, 0x0000000082e00000|100%| O|  |TAMS 0x0000000082e00000, 0x0000000082d00000| Untracked 
|  46|0x0000000082e00000, 0x0000000082f00000, 0x0000000082f00000|100%| O|  |TAMS 0x0000000082f00000, 0x0000000082e00000| Untracked 
|  47|0x0000000082f00000, 0x0000000083000000, 0x0000000083000000|100%| O|  |TAMS 0x0000000083000000, 0x0000000082f00000| Untracked 
|  48|0x0000000083000000, 0x0000000083037600, 0x0000000083100000| 21%| O|  |TAMS 0x0000000083037600, 0x0000000083000000| Untracked 
|  49|0x0000000083100000, 0x0000000083100000, 0x0000000083200000|  0%| F|  |TAMS 0x0000000083100000, 0x0000000083100000| Untracked 
|  50|0x0000000083200000, 0x0000000083200000, 0x0000000083300000|  0%| F|  |TAMS 0x0000000083200000, 0x0000000083200000| Untracked 
|  51|0x0000000083300000, 0x0000000083300000, 0x0000000083400000|  0%| F|  |TAMS 0x0000000083300000, 0x0000000083300000| Untracked 
|  52|0x0000000083400000, 0x0000000083400000, 0x0000000083500000|  0%| F|  |TAMS 0x0000000083400000, 0x0000000083400000| Untracked 
|  53|0x0000000083500000, 0x0000000083500000, 0x0000000083600000|  0%| F|  |TAMS 0x0000000083500000, 0x0000000083500000| Untracked 
|  54|0x0000000083600000, 0x0000000083600000, 0x0000000083700000|  0%| F|  |TAMS 0x0000000083600000, 0x0000000083600000| Untracked 
|  55|0x0000000083700000, 0x0000000083700000, 0x0000000083800000|  0%| F|  |TAMS 0x0000000083700000, 0x0000000083700000| Untracked 
|  56|0x0000000083800000, 0x0000000083800000, 0x0000000083900000|  0%| F|  |TAMS 0x0000000083800000, 0x0000000083800000| Untracked 
|  57|0x0000000083900000, 0x0000000083900000, 0x0000000083a00000|  0%| F|  |TAMS 0x0000000083900000, 0x0000000083900000| Untracked 
|  58|0x0000000083a00000, 0x0000000083a00000, 0x0000000083b00000|  0%| F|  |TAMS 0x0000000083a00000, 0x0000000083a00000| Untracked 
|  59|0x0000000083b00000, 0x0000000083b00000, 0x0000000083c00000|  0%| F|  |TAMS 0x0000000083b00000, 0x0000000083b00000| Untracked 
|  60|0x0000000083c00000, 0x0000000083c00000, 0x0000000083d00000|  0%| F|  |TAMS 0x0000000083c00000, 0x0000000083c00000| Untracked 
|  61|0x0000000083d00000, 0x0000000083d00000, 0x0000000083e00000|  0%| F|  |TAMS 0x0000000083d00000, 0x0000000083d00000| Untracked 
|  62|0x0000000083e00000, 0x0000000083e00000, 0x0000000083f00000|  0%| F|  |TAMS 0x0000000083e00000, 0x0000000083e00000| Untracked 
|  63|0x0000000083f00000, 0x0000000083f00000, 0x0000000084000000|  0%| F|  |TAMS 0x0000000083f00000, 0x0000000083f00000| Untracked 
|  64|0x0000000084000000, 0x0000000084000000, 0x0000000084100000|  0%| F|  |TAMS 0x0000000084000000, 0x0000000084000000| Untracked 
|  65|0x0000000084100000, 0x0000000084100000, 0x0000000084200000|  0%| F|  |TAMS 0x0000000084100000, 0x0000000084100000| Untracked 
|  66|0x0000000084200000, 0x0000000084200000, 0x0000000084300000|  0%| F|  |TAMS 0x0000000084200000, 0x0000000084200000| Untracked 
|  67|0x0000000084300000, 0x0000000084300000, 0x0000000084400000|  0%| F|  |TAMS 0x0000000084300000, 0x0000000084300000| Untracked 
|  68|0x0000000084400000, 0x0000000084400000, 0x0000000084500000|  0%| F|  |TAMS 0x0000000084400000, 0x0000000084400000| Untracked 
|  69|0x0000000084500000, 0x0000000084500000, 0x0000000084600000|  0%| F|  |TAMS 0x0000000084500000, 0x0000000084500000| Untracked 
|  70|0x0000000084600000, 0x0000000084600000, 0x0000000084700000|  0%| F|  |TAMS 0x0000000084600000, 0x0000000084600000| Untracked 
|  71|0x0000000084700000, 0x0000000084700000, 0x0000000084800000|  0%| F|  |TAMS 0x0000000084700000, 0x0000000084700000| Untracked 
|  72|0x0000000084800000, 0x0000000084800000, 0x0000000084900000|  0%| F|  |TAMS 0x0000000084800000, 0x0000000084800000| Untracked 
|  73|0x0000000084900000, 0x0000000084900000, 0x0000000084a00000|  0%| F|  |TAMS 0x0000000084900000, 0x0000000084900000| Untracked 
|  74|0x0000000084a00000, 0x0000000084a00000, 0x0000000084b00000|  0%| F|  |TAMS 0x0000000084a00000, 0x0000000084a00000| Untracked 
|  75|0x0000000084b00000, 0x0000000084b00000, 0x0000000084c00000|  0%| F|  |TAMS 0x0000000084b00000, 0x0000000084b00000| Untracked 
|  76|0x0000000084c00000, 0x0000000084c00000, 0x0000000084d00000|  0%| F|  |TAMS 0x0000000084c00000, 0x0000000084c00000| Untracked 
|  77|0x0000000084d00000, 0x0000000084d00000, 0x0000000084e00000|  0%| F|  |TAMS 0x0000000084d00000, 0x0000000084d00000| Untracked 
|  78|0x0000000084e00000, 0x0000000084e00000, 0x0000000084f00000|  0%| F|  |TAMS 0x0000000084e00000, 0x0000000084e00000| Untracked 
|  79|0x0000000084f00000, 0x0000000084f00000, 0x0000000085000000|  0%| F|  |TAMS 0x0000000084f00000, 0x0000000084f00000| Untracked 
|  80|0x0000000085000000, 0x0000000085000000, 0x0000000085100000|  0%| F|  |TAMS 0x0000000085000000, 0x0000000085000000| Untracked 
|  81|0x0000000085100000, 0x0000000085100000, 0x0000000085200000|  0%| F|  |TAMS 0x0000000085100000, 0x0000000085100000| Untracked 
|  82|0x0000000085200000, 0x0000000085200000, 0x0000000085300000|  0%| F|  |TAMS 0x0000000085200000, 0x0000000085200000| Untracked 
|  83|0x0000000085300000, 0x0000000085300000, 0x0000000085400000|  0%| F|  |TAMS 0x0000000085300000, 0x0000000085300000| Untracked 
|  84|0x0000000085400000, 0x0000000085400000, 0x0000000085500000|  0%| F|  |TAMS 0x0000000085400000, 0x0000000085400000| Untracked 
|  85|0x0000000085500000, 0x0000000085500000, 0x0000000085600000|  0%| F|  |TAMS 0x0000000085500000, 0x0000000085500000| Untracked 
|  86|0x0000000085600000, 0x0000000085600000, 0x0000000085700000|  0%| F|  |TAMS 0x0000000085600000, 0x0000000085600000| Untracked 
|  87|0x0000000085700000, 0x0000000085700000, 0x0000000085800000|  0%| F|  |TAMS 0x0000000085700000, 0x0000000085700000| Untracked 
|  88|0x0000000085800000, 0x0000000085800000, 0x0000000085900000|  0%| F|  |TAMS 0x0000000085800000, 0x0000000085800000| Untracked 
|  89|0x0000000085900000, 0x0000000085900000, 0x0000000085a00000|  0%| F|  |TAMS 0x0000000085900000, 0x0000000085900000| Untracked 
|  90|0x0000000085a00000, 0x0000000085a00000, 0x0000000085b00000|  0%| F|  |TAMS 0x0000000085a00000, 0x0000000085a00000| Untracked 
|  91|0x0000000085b00000, 0x0000000085b00000, 0x0000000085c00000|  0%| F|  |TAMS 0x0000000085b00000, 0x0000000085b00000| Untracked 
|  92|0x0000000085c00000, 0x0000000085c00000, 0x0000000085d00000|  0%| F|  |TAMS 0x0000000085c00000, 0x0000000085c00000| Untracked 
|  93|0x0000000085d00000, 0x0000000085d00000, 0x0000000085e00000|  0%| F|  |TAMS 0x0000000085d00000, 0x0000000085d00000| Untracked 
|  94|0x0000000085e00000, 0x0000000085e00000, 0x0000000085f00000|  0%| F|  |TAMS 0x0000000085e00000, 0x0000000085e00000| Untracked 
|  95|0x0000000085f00000, 0x0000000085f00000, 0x0000000086000000|  0%| F|  |TAMS 0x0000000085f00000, 0x0000000085f00000| Untracked 
|  96|0x0000000086000000, 0x0000000086000000, 0x0000000086100000|  0%| F|  |TAMS 0x0000000086000000, 0x0000000086000000| Untracked 
|  97|0x0000000086100000, 0x0000000086100000, 0x0000000086200000|  0%| F|  |TAMS 0x0000000086100000, 0x0000000086100000| Untracked 
|  98|0x0000000086200000, 0x0000000086200000, 0x0000000086300000|  0%| F|  |TAMS 0x0000000086200000, 0x0000000086200000| Untracked 
|  99|0x0000000086300000, 0x0000000086300000, 0x0000000086400000|  0%| F|  |TAMS 0x0000000086300000, 0x0000000086300000| Untracked 
| 100|0x0000000086400000, 0x0000000086400000, 0x0000000086500000|  0%| F|  |TAMS 0x0000000086400000, 0x0000000086400000| Untracked 
| 101|0x0000000086500000, 0x0000000086500000, 0x0000000086600000|  0%| F|  |TAMS 0x0000000086500000, 0x0000000086500000| Untracked 
| 102|0x0000000086600000, 0x0000000086600000, 0x0000000086700000|  0%| F|  |TAMS 0x0000000086600000, 0x0000000086600000| Untracked 
| 103|0x0000000086700000, 0x0000000086700000, 0x0000000086800000|  0%| F|  |TAMS 0x0000000086700000, 0x0000000086700000| Untracked 
| 104|0x0000000086800000, 0x0000000086800000, 0x0000000086900000|  0%| F|  |TAMS 0x0000000086800000, 0x0000000086800000| Untracked 
| 105|0x0000000086900000, 0x0000000086900000, 0x0000000086a00000|  0%| F|  |TAMS 0x0000000086900000, 0x0000000086900000| Untracked 
| 106|0x0000000086a00000, 0x0000000086a00000, 0x0000000086b00000|  0%| F|  |TAMS 0x0000000086a00000, 0x0000000086a00000| Untracked 
| 107|0x0000000086b00000, 0x0000000086b00000, 0x0000000086c00000|  0%| F|  |TAMS 0x0000000086b00000, 0x0000000086b00000| Untracked 
| 108|0x0000000086c00000, 0x0000000086c00000, 0x0000000086d00000|  0%| F|  |TAMS 0x0000000086c00000, 0x0000000086c00000| Untracked 
| 109|0x0000000086d00000, 0x0000000086d00000, 0x0000000086e00000|  0%| F|  |TAMS 0x0000000086d00000, 0x0000000086d00000| Untracked 
| 110|0x0000000086e00000, 0x0000000086e00000, 0x0000000086f00000|  0%| F|  |TAMS 0x0000000086e00000, 0x0000000086e00000| Untracked 
| 111|0x0000000086f00000, 0x0000000086f00000, 0x0000000087000000|  0%| F|  |TAMS 0x0000000086f00000, 0x0000000086f00000| Untracked 
| 112|0x0000000087000000, 0x0000000087000000, 0x0000000087100000|  0%| F|  |TAMS 0x0000000087000000, 0x0000000087000000| Untracked 
| 113|0x0000000087100000, 0x0000000087100000, 0x0000000087200000|  0%| F|  |TAMS 0x0000000087100000, 0x0000000087100000| Untracked 
| 114|0x0000000087200000, 0x0000000087200000, 0x0000000087300000|  0%| F|  |TAMS 0x0000000087200000, 0x0000000087200000| Untracked 
| 115|0x0000000087300000, 0x0000000087300000, 0x0000000087400000|  0%| F|  |TAMS 0x0000000087300000, 0x0000000087300000| Untracked 
| 116|0x0000000087400000, 0x0000000087400000, 0x0000000087500000|  0%| F|  |TAMS 0x0000000087400000, 0x0000000087400000| Untracked 
| 117|0x0000000087500000, 0x0000000087500000, 0x0000000087600000|  0%| F|  |TAMS 0x0000000087500000, 0x0000000087500000| Untracked 
| 118|0x0000000087600000, 0x0000000087600000, 0x0000000087700000|  0%| F|  |TAMS 0x0000000087600000, 0x0000000087600000| Untracked 
| 119|0x0000000087700000, 0x0000000087700000, 0x0000000087800000|  0%| F|  |TAMS 0x0000000087700000, 0x0000000087700000| Untracked 
| 120|0x0000000087800000, 0x0000000087800000, 0x0000000087900000|  0%| F|  |TAMS 0x0000000087800000, 0x0000000087800000| Untracked 
| 121|0x0000000087900000, 0x0000000087900000, 0x0000000087a00000|  0%| F|  |TAMS 0x0000000087900000, 0x0000000087900000| Untracked 
| 122|0x0000000087a00000, 0x0000000087a00000, 0x0000000087b00000|  0%| F|  |TAMS 0x0000000087a00000, 0x0000000087a00000| Untracked 
| 123|0x0000000087b00000, 0x0000000087b00000, 0x0000000087c00000|  0%| F|  |TAMS 0x0000000087b00000, 0x0000000087b00000| Untracked 
| 124|0x0000000087c00000, 0x0000000087c00000, 0x0000000087d00000|  0%| F|  |TAMS 0x0000000087c00000, 0x0000000087c00000| Untracked 
| 125|0x0000000087d00000, 0x0000000087d00000, 0x0000000087e00000|  0%| F|  |TAMS 0x0000000087d00000, 0x0000000087d00000| Untracked 
| 126|0x0000000087e00000, 0x0000000087e00000, 0x0000000087f00000|  0%| F|  |TAMS 0x0000000087e00000, 0x0000000087e00000| Untracked 
| 127|0x0000000087f00000, 0x0000000087f00000, 0x0000000088000000|  0%| F|  |TAMS 0x0000000087f00000, 0x0000000087f00000| Untracked 
| 128|0x0000000088000000, 0x0000000088000000, 0x0000000088100000|  0%| F|  |TAMS 0x0000000088000000, 0x0000000088000000| Untracked 
| 129|0x0000000088100000, 0x0000000088100000, 0x0000000088200000|  0%| F|  |TAMS 0x0000000088100000, 0x0000000088100000| Untracked 
| 130|0x0000000088200000, 0x0000000088200000, 0x0000000088300000|  0%| F|  |TAMS 0x0000000088200000, 0x0000000088200000| Untracked 
| 131|0x0000000088300000, 0x0000000088300000, 0x0000000088400000|  0%| F|  |TAMS 0x0000000088300000, 0x0000000088300000| Untracked 
| 132|0x0000000088400000, 0x0000000088400000, 0x0000000088500000|  0%| F|  |TAMS 0x0000000088400000, 0x0000000088400000| Untracked 
| 133|0x0000000088500000, 0x0000000088500000, 0x0000000088600000|  0%| F|  |TAMS 0x0000000088500000, 0x0000000088500000| Untracked 
| 134|0x0000000088600000, 0x0000000088600000, 0x0000000088700000|  0%| F|  |TAMS 0x0000000088600000, 0x0000000088600000| Untracked 
| 135|0x0000000088700000, 0x0000000088700000, 0x0000000088800000|  0%| F|  |TAMS 0x0000000088700000, 0x0000000088700000| Untracked 
| 136|0x0000000088800000, 0x0000000088800000, 0x0000000088900000|  0%| F|  |TAMS 0x0000000088800000, 0x0000000088800000| Untracked 
| 137|0x0000000088900000, 0x0000000088900000, 0x0000000088a00000|  0%| F|  |TAMS 0x0000000088900000, 0x0000000088900000| Untracked 
| 138|0x0000000088a00000, 0x0000000088a00000, 0x0000000088b00000|  0%| F|  |TAMS 0x0000000088a00000, 0x0000000088a00000| Untracked 
| 139|0x0000000088b00000, 0x0000000088b00000, 0x0000000088c00000|  0%| F|  |TAMS 0x0000000088b00000, 0x0000000088b00000| Untracked 
| 140|0x0000000088c00000, 0x0000000088c00000, 0x0000000088d00000|  0%| F|  |TAMS 0x0000000088c00000, 0x0000000088c00000| Untracked 
| 141|0x0000000088d00000, 0x0000000088d00000, 0x0000000088e00000|  0%| F|  |TAMS 0x0000000088d00000, 0x0000000088d00000| Untracked 
| 142|0x0000000088e00000, 0x0000000088e00000, 0x0000000088f00000|  0%| F|  |TAMS 0x0000000088e00000, 0x0000000088e00000| Untracked 
| 143|0x0000000088f00000, 0x0000000088f00000, 0x0000000089000000|  0%| F|  |TAMS 0x0000000088f00000, 0x0000000088f00000| Untracked 
| 144|0x0000000089000000, 0x0000000089000000, 0x0000000089100000|  0%| F|  |TAMS 0x0000000089000000, 0x0000000089000000| Untracked 
| 145|0x0000000089100000, 0x0000000089100000, 0x0000000089200000|  0%| F|  |TAMS 0x0000000089100000, 0x0000000089100000| Untracked 
| 146|0x0000000089200000, 0x0000000089200000, 0x0000000089300000|  0%| F|  |TAMS 0x0000000089200000, 0x0000000089200000| Untracked 
| 147|0x0000000089300000, 0x0000000089300000, 0x0000000089400000|  0%| F|  |TAMS 0x0000000089300000, 0x0000000089300000| Untracked 
| 148|0x0000000089400000, 0x0000000089400000, 0x0000000089500000|  0%| F|  |TAMS 0x0000000089400000, 0x0000000089400000| Untracked 
| 149|0x0000000089500000, 0x0000000089500000, 0x0000000089600000|  0%| F|  |TAMS 0x0000000089500000, 0x0000000089500000| Untracked 
| 150|0x0000000089600000, 0x0000000089600000, 0x0000000089700000|  0%| F|  |TAMS 0x0000000089600000, 0x0000000089600000| Untracked 
| 151|0x0000000089700000, 0x0000000089700000, 0x0000000089800000|  0%| F|  |TAMS 0x0000000089700000, 0x0000000089700000| Untracked 
| 152|0x0000000089800000, 0x0000000089800000, 0x0000000089900000|  0%| F|  |TAMS 0x0000000089800000, 0x0000000089800000| Untracked 
| 153|0x0000000089900000, 0x0000000089900000, 0x0000000089a00000|  0%| F|  |TAMS 0x0000000089900000, 0x0000000089900000| Untracked 
| 154|0x0000000089a00000, 0x0000000089a00000, 0x0000000089b00000|  0%| F|  |TAMS 0x0000000089a00000, 0x0000000089a00000| Untracked 
| 155|0x0000000089b00000, 0x0000000089b00000, 0x0000000089c00000|  0%| F|  |TAMS 0x0000000089b00000, 0x0000000089b00000| Untracked 
| 156|0x0000000089c00000, 0x0000000089c00000, 0x0000000089d00000|  0%| F|  |TAMS 0x0000000089c00000, 0x0000000089c00000| Untracked 
| 157|0x0000000089d00000, 0x0000000089d00000, 0x0000000089e00000|  0%| F|  |TAMS 0x0000000089d00000, 0x0000000089d00000| Untracked 
| 158|0x0000000089e00000, 0x0000000089e00000, 0x0000000089f00000|  0%| F|  |TAMS 0x0000000089e00000, 0x0000000089e00000| Untracked 
| 159|0x0000000089f00000, 0x0000000089f00000, 0x000000008a000000|  0%| F|  |TAMS 0x0000000089f00000, 0x0000000089f00000| Untracked 
| 160|0x000000008a000000, 0x000000008a000000, 0x000000008a100000|  0%| F|  |TAMS 0x000000008a000000, 0x000000008a000000| Untracked 
| 161|0x000000008a100000, 0x000000008a100000, 0x000000008a200000|  0%| F|  |TAMS 0x000000008a100000, 0x000000008a100000| Untracked 
| 162|0x000000008a200000, 0x000000008a200000, 0x000000008a300000|  0%| F|  |TAMS 0x000000008a200000, 0x000000008a200000| Untracked 
| 163|0x000000008a300000, 0x000000008a300000, 0x000000008a400000|  0%| F|  |TAMS 0x000000008a300000, 0x000000008a300000| Untracked 
| 164|0x000000008a400000, 0x000000008a400000, 0x000000008a500000|  0%| F|  |TAMS 0x000000008a400000, 0x000000008a400000| Untracked 
| 165|0x000000008a500000, 0x000000008a500000, 0x000000008a600000|  0%| F|  |TAMS 0x000000008a500000, 0x000000008a500000| Untracked 
| 166|0x000000008a600000, 0x000000008a600000, 0x000000008a700000|  0%| F|  |TAMS 0x000000008a600000, 0x000000008a600000| Untracked 
| 167|0x000000008a700000, 0x000000008a700000, 0x000000008a800000|  0%| F|  |TAMS 0x000000008a700000, 0x000000008a700000| Untracked 
| 168|0x000000008a800000, 0x000000008a800000, 0x000000008a900000|  0%| F|  |TAMS 0x000000008a800000, 0x000000008a800000| Untracked 
| 169|0x000000008a900000, 0x000000008a900000, 0x000000008aa00000|  0%| F|  |TAMS 0x000000008a900000, 0x000000008a900000| Untracked 
| 170|0x000000008aa00000, 0x000000008aa00000, 0x000000008ab00000|  0%| F|  |TAMS 0x000000008aa00000, 0x000000008aa00000| Untracked 
| 171|0x000000008ab00000, 0x000000008ab00000, 0x000000008ac00000|  0%| F|  |TAMS 0x000000008ab00000, 0x000000008ab00000| Untracked 
| 172|0x000000008ac00000, 0x000000008ac00000, 0x000000008ad00000|  0%| F|  |TAMS 0x000000008ac00000, 0x000000008ac00000| Untracked 
| 173|0x000000008ad00000, 0x000000008ad00000, 0x000000008ae00000|  0%| F|  |TAMS 0x000000008ad00000, 0x000000008ad00000| Untracked 
| 174|0x000000008ae00000, 0x000000008ae00000, 0x000000008af00000|  0%| F|  |TAMS 0x000000008ae00000, 0x000000008ae00000| Untracked 
| 175|0x000000008af00000, 0x000000008af00000, 0x000000008b000000|  0%| F|  |TAMS 0x000000008af00000, 0x000000008af00000| Untracked 
| 176|0x000000008b000000, 0x000000008b000000, 0x000000008b100000|  0%| F|  |TAMS 0x000000008b000000, 0x000000008b000000| Untracked 
| 177|0x000000008b100000, 0x000000008b100000, 0x000000008b200000|  0%| F|  |TAMS 0x000000008b100000, 0x000000008b100000| Untracked 
| 178|0x000000008b200000, 0x000000008b200000, 0x000000008b300000|  0%| F|  |TAMS 0x000000008b200000, 0x000000008b200000| Untracked 
| 179|0x000000008b300000, 0x000000008b300000, 0x000000008b400000|  0%| F|  |TAMS 0x000000008b300000, 0x000000008b300000| Untracked 
| 180|0x000000008b400000, 0x000000008b400000, 0x000000008b500000|  0%| F|  |TAMS 0x000000008b400000, 0x000000008b400000| Untracked 
| 181|0x000000008b500000, 0x000000008b500000, 0x000000008b600000|  0%| F|  |TAMS 0x000000008b500000, 0x000000008b500000| Untracked 
| 182|0x000000008b600000, 0x000000008b600000, 0x000000008b700000|  0%| F|  |TAMS 0x000000008b600000, 0x000000008b600000| Untracked 
| 183|0x000000008b700000, 0x000000008b700000, 0x000000008b800000|  0%| F|  |TAMS 0x000000008b700000, 0x000000008b700000| Untracked 
| 184|0x000000008b800000, 0x000000008b800000, 0x000000008b900000|  0%| F|  |TAMS 0x000000008b800000, 0x000000008b800000| Untracked 
| 185|0x000000008b900000, 0x000000008b900000, 0x000000008ba00000|  0%| F|  |TAMS 0x000000008b900000, 0x000000008b900000| Untracked 
| 186|0x000000008ba00000, 0x000000008ba00000, 0x000000008bb00000|  0%| F|  |TAMS 0x000000008ba00000, 0x000000008ba00000| Untracked 
| 187|0x000000008bb00000, 0x000000008bb00000, 0x000000008bc00000|  0%| F|  |TAMS 0x000000008bb00000, 0x000000008bb00000| Untracked 
| 188|0x000000008bc00000, 0x000000008bc00000, 0x000000008bd00000|  0%| F|  |TAMS 0x000000008bc00000, 0x000000008bc00000| Untracked 
| 189|0x000000008bd00000, 0x000000008bd00000, 0x000000008be00000|  0%| F|  |TAMS 0x000000008bd00000, 0x000000008bd00000| Untracked 
| 190|0x000000008be00000, 0x000000008be00000, 0x000000008bf00000|  0%| F|  |TAMS 0x000000008be00000, 0x000000008be00000| Untracked 
| 191|0x000000008bf00000, 0x000000008bf00000, 0x000000008c000000|  0%| F|  |TAMS 0x000000008bf00000, 0x000000008bf00000| Untracked 
| 192|0x000000008c000000, 0x000000008c000000, 0x000000008c100000|  0%| F|  |TAMS 0x000000008c000000, 0x000000008c000000| Untracked 
| 193|0x000000008c100000, 0x000000008c100000, 0x000000008c200000|  0%| F|  |TAMS 0x000000008c100000, 0x000000008c100000| Untracked 
| 194|0x000000008c200000, 0x000000008c200000, 0x000000008c300000|  0%| F|  |TAMS 0x000000008c200000, 0x000000008c200000| Untracked 
| 195|0x000000008c300000, 0x000000008c300000, 0x000000008c400000|  0%| F|  |TAMS 0x000000008c300000, 0x000000008c300000| Untracked 
| 196|0x000000008c400000, 0x000000008c400000, 0x000000008c500000|  0%| F|  |TAMS 0x000000008c400000, 0x000000008c400000| Untracked 
| 197|0x000000008c500000, 0x000000008c500000, 0x000000008c600000|  0%| F|  |TAMS 0x000000008c500000, 0x000000008c500000| Untracked 
| 198|0x000000008c600000, 0x000000008c600000, 0x000000008c700000|  0%| F|  |TAMS 0x000000008c600000, 0x000000008c600000| Untracked 
| 199|0x000000008c700000, 0x000000008c700000, 0x000000008c800000|  0%| F|  |TAMS 0x000000008c700000, 0x000000008c700000| Untracked 
| 200|0x000000008c800000, 0x000000008c800000, 0x000000008c900000|  0%| F|  |TAMS 0x000000008c800000, 0x000000008c800000| Untracked 
| 201|0x000000008c900000, 0x000000008c900000, 0x000000008ca00000|  0%| F|  |TAMS 0x000000008c900000, 0x000000008c900000| Untracked 
| 202|0x000000008ca00000, 0x000000008ca00000, 0x000000008cb00000|  0%| F|  |TAMS 0x000000008ca00000, 0x000000008ca00000| Untracked 
| 203|0x000000008cb00000, 0x000000008cb00000, 0x000000008cc00000|  0%| F|  |TAMS 0x000000008cb00000, 0x000000008cb00000| Untracked 
| 204|0x000000008cc00000, 0x000000008cc00000, 0x000000008cd00000|  0%| F|  |TAMS 0x000000008cc00000, 0x000000008cc00000| Untracked 
| 205|0x000000008cd00000, 0x000000008cd00000, 0x000000008ce00000|  0%| F|  |TAMS 0x000000008cd00000, 0x000000008cd00000| Untracked 
| 206|0x000000008ce00000, 0x000000008ce00000, 0x000000008cf00000|  0%| F|  |TAMS 0x000000008ce00000, 0x000000008ce00000| Untracked 
| 207|0x000000008cf00000, 0x000000008cf00000, 0x000000008d000000|  0%| F|  |TAMS 0x000000008cf00000, 0x000000008cf00000| Untracked 
| 208|0x000000008d000000, 0x000000008d000000, 0x000000008d100000|  0%| F|  |TAMS 0x000000008d000000, 0x000000008d000000| Untracked 
| 209|0x000000008d100000, 0x000000008d100000, 0x000000008d200000|  0%| F|  |TAMS 0x000000008d100000, 0x000000008d100000| Untracked 
| 210|0x000000008d200000, 0x000000008d200000, 0x000000008d300000|  0%| F|  |TAMS 0x000000008d200000, 0x000000008d200000| Untracked 
| 211|0x000000008d300000, 0x000000008d300000, 0x000000008d400000|  0%| F|  |TAMS 0x000000008d300000, 0x000000008d300000| Untracked 
| 212|0x000000008d400000, 0x000000008d400000, 0x000000008d500000|  0%| F|  |TAMS 0x000000008d400000, 0x000000008d400000| Untracked 
| 213|0x000000008d500000, 0x000000008d500000, 0x000000008d600000|  0%| F|  |TAMS 0x000000008d500000, 0x000000008d500000| Untracked 
| 214|0x000000008d600000, 0x000000008d600000, 0x000000008d700000|  0%| F|  |TAMS 0x000000008d600000, 0x000000008d600000| Untracked 
| 215|0x000000008d700000, 0x000000008d700000, 0x000000008d800000|  0%| F|  |TAMS 0x000000008d700000, 0x000000008d700000| Untracked 
| 216|0x000000008d800000, 0x000000008d800000, 0x000000008d900000|  0%| F|  |TAMS 0x000000008d800000, 0x000000008d800000| Untracked 
| 217|0x000000008d900000, 0x000000008d900000, 0x000000008da00000|  0%| F|  |TAMS 0x000000008d900000, 0x000000008d900000| Untracked 
| 218|0x000000008da00000, 0x000000008da00000, 0x000000008db00000|  0%| F|  |TAMS 0x000000008da00000, 0x000000008da00000| Untracked 
| 219|0x000000008db00000, 0x000000008db00000, 0x000000008dc00000|  0%| F|  |TAMS 0x000000008db00000, 0x000000008db00000| Untracked 
| 220|0x000000008dc00000, 0x000000008dc00000, 0x000000008dd00000|  0%| F|  |TAMS 0x000000008dc00000, 0x000000008dc00000| Untracked 
| 221|0x000000008dd00000, 0x000000008dd00000, 0x000000008de00000|  0%| F|  |TAMS 0x000000008dd00000, 0x000000008dd00000| Untracked 
| 222|0x000000008de00000, 0x000000008de00000, 0x000000008df00000|  0%| F|  |TAMS 0x000000008de00000, 0x000000008de00000| Untracked 
| 223|0x000000008df00000, 0x000000008df00000, 0x000000008e000000|  0%| F|  |TAMS 0x000000008df00000, 0x000000008df00000| Untracked 
| 224|0x000000008e000000, 0x000000008e000000, 0x000000008e100000|  0%| F|  |TAMS 0x000000008e000000, 0x000000008e000000| Untracked 
| 225|0x000000008e100000, 0x000000008e100000, 0x000000008e200000|  0%| F|  |TAMS 0x000000008e100000, 0x000000008e100000| Untracked 
| 226|0x000000008e200000, 0x000000008e200000, 0x000000008e300000|  0%| F|  |TAMS 0x000000008e200000, 0x000000008e200000| Untracked 
| 227|0x000000008e300000, 0x000000008e300000, 0x000000008e400000|  0%| F|  |TAMS 0x000000008e300000, 0x000000008e300000| Untracked 
| 228|0x000000008e400000, 0x000000008e400000, 0x000000008e500000|  0%| F|  |TAMS 0x000000008e400000, 0x000000008e400000| Untracked 
| 229|0x000000008e500000, 0x000000008e500000, 0x000000008e600000|  0%| F|  |TAMS 0x000000008e500000, 0x000000008e500000| Untracked 
| 230|0x000000008e600000, 0x000000008e600000, 0x000000008e700000|  0%| F|  |TAMS 0x000000008e600000, 0x000000008e600000| Untracked 
| 231|0x000000008e700000, 0x000000008e700000, 0x000000008e800000|  0%| F|  |TAMS 0x000000008e700000, 0x000000008e700000| Untracked 
| 232|0x000000008e800000, 0x000000008e800000, 0x000000008e900000|  0%| F|  |TAMS 0x000000008e800000, 0x000000008e800000| Untracked 
| 233|0x000000008e900000, 0x000000008e900000, 0x000000008ea00000|  0%| F|  |TAMS 0x000000008e900000, 0x000000008e900000| Untracked 
| 234|0x000000008ea00000, 0x000000008eb00000, 0x000000008eb00000|100%| E|  |TAMS 0x000000008ea00000, 0x000000008ea00000| Complete 
| 235|0x000000008eb00000, 0x000000008ec00000, 0x000000008ec00000|100%| E|CS|TAMS 0x000000008eb00000, 0x000000008eb00000| Complete 
| 236|0x000000008ec00000, 0x000000008ed00000, 0x000000008ed00000|100%| E|CS|TAMS 0x000000008ec00000, 0x000000008ec00000| Complete 
| 237|0x000000008ed00000, 0x000000008ee00000, 0x000000008ee00000|100%| E|CS|TAMS 0x000000008ed00000, 0x000000008ed00000| Complete 
| 238|0x000000008ee00000, 0x000000008ef00000, 0x000000008ef00000|100%| E|CS|TAMS 0x000000008ee00000, 0x000000008ee00000| Complete 
| 239|0x000000008ef00000, 0x000000008f000000, 0x000000008f000000|100%| E|CS|TAMS 0x000000008ef00000, 0x000000008ef00000| Complete 
| 240|0x000000008f000000, 0x000000008f100000, 0x000000008f100000|100%| E|CS|TAMS 0x000000008f000000, 0x000000008f000000| Complete 
| 241|0x000000008f100000, 0x000000008f200000, 0x000000008f200000|100%| E|CS|TAMS 0x000000008f100000, 0x000000008f100000| Complete 
| 242|0x000000008f200000, 0x000000008f300000, 0x000000008f300000|100%| E|CS|TAMS 0x000000008f200000, 0x000000008f200000| Complete 
| 243|0x000000008f300000, 0x000000008f400000, 0x000000008f400000|100%| E|CS|TAMS 0x000000008f300000, 0x000000008f300000| Complete 
| 244|0x000000008f400000, 0x000000008f500000, 0x000000008f500000|100%| E|CS|TAMS 0x000000008f400000, 0x000000008f400000| Complete 
| 245|0x000000008f500000, 0x000000008f600000, 0x000000008f600000|100%| E|CS|TAMS 0x000000008f500000, 0x000000008f500000| Complete 
| 246|0x000000008f600000, 0x000000008f700000, 0x000000008f700000|100%| S|CS|TAMS 0x000000008f600000, 0x000000008f600000| Complete 
| 247|0x000000008f700000, 0x000000008f800000, 0x000000008f800000|100%| S|CS|TAMS 0x000000008f700000, 0x000000008f700000| Complete 
| 248|0x000000008f800000, 0x000000008f900000, 0x000000008f900000|100%| E|CS|TAMS 0x000000008f800000, 0x000000008f800000| Complete 
| 249|0x000000008f900000, 0x000000008fa00000, 0x000000008fa00000|100%| E|CS|TAMS 0x000000008f900000, 0x000000008f900000| Complete 
| 250|0x000000008fa00000, 0x000000008fb00000, 0x000000008fb00000|100%| E|CS|TAMS 0x000000008fa00000, 0x000000008fa00000| Complete 
| 251|0x000000008fb00000, 0x000000008fc00000, 0x000000008fc00000|100%| E|CS|TAMS 0x000000008fb00000, 0x000000008fb00000| Complete 
| 252|0x000000008fc00000, 0x000000008fd00000, 0x000000008fd00000|100%| E|CS|TAMS 0x000000008fc00000, 0x000000008fc00000| Complete 
| 253|0x000000008fd00000, 0x000000008fe00000, 0x000000008fe00000|100%| E|CS|TAMS 0x000000008fd00000, 0x000000008fd00000| Complete 
| 254|0x000000008fe00000, 0x000000008ff00000, 0x000000008ff00000|100%| E|CS|TAMS 0x000000008fe00000, 0x000000008fe00000| Complete 
| 255|0x000000008ff00000, 0x0000000090000000, 0x0000000090000000|100%| E|CS|TAMS 0x000000008ff00000, 0x000000008ff00000| Complete 

Card table byte_map: [0x000001cff4bc0000,0x000001cff4fc0000] _byte_map_base: 0x000001cff47c0000

Marking Bits (Prev, Next): (CMBitMap*) 0x000001cff06bede0, (CMBitMap*) 0x000001cff06beda8
 Prev Bits: [0x000001cff73c0000, 0x000001cff93c0000)
 Next Bits: [0x000001cff53c0000, 0x000001cff73c0000)

Polling page: 0x000001cfef010000

Metaspace:

Usage:
  Non-class:     53.38 MB capacity,    52.58 MB ( 98%) used,   662.92 KB (  1%) free+waste,   161.25 KB ( <1%) overhead. 
      Class:      8.22 MB capacity,     7.69 MB ( 93%) used,   473.23 KB (  6%) free+waste,    75.75 KB ( <1%) overhead. 
       Both:     61.60 MB capacity,    60.26 MB ( 98%) used,     1.11 MB (  2%) free+waste,   237.00 KB ( <1%) overhead. 

Virtual space:
  Non-class space:       54.00 MB reserved,      53.54 MB (>99%) committed 
      Class space:        1.00 GB reserved,       8.25 MB ( <1%) committed 
             Both:        1.05 GB reserved,      61.79 MB (  6%) committed 

Chunk freelists:
   Non-Class:  30.00 KB
       Class:  27.00 KB
        Both:  57.00 KB

MaxMetaspaceSize: 17179869184.00 GB
CompressedClassSpaceSize: 1.00 GB
Initial GC threshold: 20.80 MB
Current GC threshold: 100.07 MB
CDS: off

CodeHeap 'non-profiled nmethods': size=120064Kb used=3452Kb max_used=3452Kb free=116611Kb
 bounds [0x000001cf87ac0000, 0x000001cf87e20000, 0x000001cf8f000000]
CodeHeap 'profiled nmethods': size=120000Kb used=12608Kb max_used=12608Kb free=107391Kb
 bounds [0x000001cf80590000, 0x000001cf811f0000, 0x000001cf87ac0000]
CodeHeap 'non-nmethods': size=5696Kb used=1650Kb max_used=1674Kb free=4045Kb
 bounds [0x000001cf80000000, 0x000001cf80270000, 0x000001cf80590000]
 total_blobs=6753 nmethods=6050 adapters=615
 compilation: enabled
              stopped_count=0, restarted_count=0
 full_count=0

Compilation events (20 events):
Event: 20.128 Thread 0x000001cffc2e1800 nmethod 5989 0x000001cf87e1b490 code [0x000001cf87e1b640, 0x000001cf87e1b6f8]
Event: 20.128 Thread 0x000001cffc2e1800 5990       3       sun.reflect.annotation.AnnotationParser::parseArray (226 bytes)
Event: 20.130 Thread 0x000001cffc2e1800 nmethod 5990 0x000001cf811ae710 code [0x000001cf811aeb00, 0x000001cf811b0478]
Event: 20.133 Thread 0x000001cf90a65800 5991       4       org.objectweb.asm.Frame::getAbstractTypeFromDescriptor (415 bytes)
Event: 20.136 Thread 0x000001cffc2e1800 5992       3       jdk.internal.reflect.ClassFileAssembler::append (30 bytes)
Event: 20.137 Thread 0x000001cffc2e1800 nmethod 5992 0x000001cf811b0c90 code [0x000001cf811b0ea0, 0x000001cf811b1358]
Event: 20.138 Thread 0x000001cffc2e1800 5994       3       jdk.internal.reflect.ClassFileAssembler::opc_invokespecial (26 bytes)
Event: 20.138 Thread 0x000001cffc2e1800 nmethod 5994 0x000001cf811b1610 code [0x000001cf811b1820, 0x000001cf811b1d48]
Event: 20.138 Thread 0x000001cffc2e1800 5995       3       jdk.internal.reflect.ClassFileAssembler::emitInt (46 bytes)
Event: 20.139 Thread 0x000001cffc2e1800 nmethod 5995 0x000001cf811b2010 code [0x000001cf811b2240, 0x000001cf811b2718]
Event: 20.139 Thread 0x000001cffc2e1800 5996       3       org.gradle.internal.instantiation.generator.AsmBackedClassGenerator$ClassBuilderImpl::addLazyGetter (22 bytes)
Event: 20.139 Thread 0x000001cffc2e1800 nmethod 5996 0x000001cf811b2990 code [0x000001cf811b2ba0, 0x000001cf811b30b8]
Event: 20.139 Thread 0x000001cffc2e1800 5997       3       org.gradle.internal.instantiation.generator.AsmBackedClassGenerator$ClassBuilderImpl$$Lambda$133/0x00000001002d4040::get$Lambda (12 bytes)
Event: 20.139 Thread 0x000001cffc2e1800 nmethod 5997 0x000001cf811b3310 code [0x000001cf811b34e0, 0x000001cf811b3858]
Event: 20.140 Thread 0x000001cffc2e1800 5999       3       java.lang.reflect.Executable::isSynthetic (8 bytes)
Event: 20.141 Thread 0x000001cffc2e1800 nmethod 5999 0x000001cf811b3990 code [0x000001cf811b3b60, 0x000001cf811b3dc8]
Event: 20.141 Thread 0x000001cffc2e1800 6000       3       org.gradle.api.internal.model.DefaultObjectFactory::property (172 bytes)
Event: 20.143 Thread 0x000001cffc2e1800 nmethod 6000 0x000001cf811b3e90 code [0x000001cf811b4560, 0x000001cf811b7358]
Event: 20.147 Thread 0x000001cf90a65800 nmethod 5991 0x000001cf87e1b790 code [0x000001cf87e1b9a0, 0x000001cf87e1c2f0]
Event: 20.147 Thread 0x000001cf90a65800 5998       4       org.objectweb.asm.Type::getInternalName (16 bytes)

GC Heap History (20 events):
Event: 0.994 GC heap before
{Heap before GC invocations=0 (full 0):
 garbage-first heap   total 262144K, used 16384K [0x0000000080000000, 0x0000000100000000)
  region size 1024K, 14 young (14336K), 0 survivors (0K)
 Metaspace       used 6737K, capacity 6937K, committed 7168K, reserved 1056768K
  class space    used 582K, capacity 650K, committed 768K, reserved 1048576K
}
Event: 1.010 GC heap after
{Heap after GC invocations=1 (full 0):
 garbage-first heap   total 262144K, used 4037K [0x0000000080000000, 0x0000000100000000)
  region size 1024K, 2 young (2048K), 2 survivors (2048K)
 Metaspace       used 6737K, capacity 6937K, committed 7168K, reserved 1056768K
  class space    used 582K, capacity 650K, committed 768K, reserved 1048576K
}
Event: 1.674 GC heap before
{Heap before GC invocations=1 (full 0):
 garbage-first heap   total 262144K, used 19397K [0x0000000080000000, 0x0000000100000000)
  region size 1024K, 14 young (14336K), 2 survivors (2048K)
 Metaspace       used 10290K, capacity 10565K, committed 10624K, reserved 1058816K
  class space    used 1070K, capacity 1139K, committed 1152K, reserved 1048576K
}
Event: 1.679 GC heap after
{Heap after GC invocations=2 (full 0):
 garbage-first heap   total 262144K, used 9493K [0x0000000080000000, 0x0000000100000000)
  region size 1024K, 2 young (2048K), 2 survivors (2048K)
 Metaspace       used 10290K, capacity 10565K, committed 10624K, reserved 1058816K
  class space    used 1070K, capacity 1139K, committed 1152K, reserved 1048576K
}
Event: 2.804 GC heap before
{Heap before GC invocations=2 (full 0):
 garbage-first heap   total 262144K, used 40213K [0x0000000080000000, 0x0000000100000000)
  region size 1024K, 31 young (31744K), 2 survivors (2048K)
 Metaspace       used 11254K, capacity 11520K, committed 11776K, reserved 1060864K
  class space    used 1173K, capacity 1244K, committed 1280K, reserved 1048576K
}
Event: 2.811 GC heap after
{Heap after GC invocations=3 (full 0):
 garbage-first heap   total 262144K, used 12321K [0x0000000080000000, 0x0000000100000000)
  region size 1024K, 4 young (4096K), 4 survivors (4096K)
 Metaspace       used 11254K, capacity 11520K, committed 11776K, reserved 1060864K
  class space    used 1173K, capacity 1244K, committed 1280K, reserved 1048576K
}
Event: 5.873 GC heap before
{Heap before GC invocations=3 (full 0):
 garbage-first heap   total 262144K, used 54305K [0x0000000080000000, 0x0000000100000000)
  region size 1024K, 46 young (47104K), 4 survivors (4096K)
 Metaspace       used 17592K, capacity 18004K, committed 18176K, reserved 1064960K
  class space    used 2073K, capacity 2219K, committed 2304K, reserved 1048576K
}
Event: 5.881 GC heap after
{Heap after GC invocations=4 (full 0):
 garbage-first heap   total 262144K, used 15748K [0x0000000080000000, 0x0000000100000000)
  region size 1024K, 6 young (6144K), 6 survivors (6144K)
 Metaspace       used 17592K, capacity 18004K, committed 18176K, reserved 1064960K
  class space    used 2073K, capacity 2219K, committed 2304K, reserved 1048576K
}
Event: 6.419 GC heap before
{Heap before GC invocations=4 (full 0):
 garbage-first heap   total 262144K, used 42372K [0x0000000080000000, 0x0000000100000000)
  region size 1024K, 33 young (33792K), 6 survivors (6144K)
 Metaspace       used 20674K, capacity 21116K, committed 21296K, reserved 1069056K
  class space    used 2533K, capacity 2660K, committed 2688K, reserved 1048576K
}
Event: 6.427 GC heap after
{Heap after GC invocations=5 (full 0):
 garbage-first heap   total 262144K, used 17167K [0x0000000080000000, 0x0000000100000000)
  region size 1024K, 2 young (2048K), 2 survivors (2048K)
 Metaspace       used 20674K, capacity 21116K, committed 21296K, reserved 1069056K
  class space    used 2533K, capacity 2660K, committed 2688K, reserved 1048576K
}
Event: 7.635 GC heap before
{Heap before GC invocations=6 (full 0):
 garbage-first heap   total 262144K, used 75535K [0x0000000080000000, 0x0000000100000000)
  region size 1024K, 59 young (60416K), 2 survivors (2048K)
 Metaspace       used 26331K, capacity 26942K, committed 27008K, reserved 1073152K
  class space    used 3446K, capacity 3651K, committed 3712K, reserved 1048576K
}
Event: 7.642 GC heap after
{Heap after GC invocations=7 (full 0):
 garbage-first heap   total 262144K, used 18963K [0x0000000080000000, 0x0000000100000000)
  region size 1024K, 4 young (4096K), 4 survivors (4096K)
 Metaspace       used 26331K, capacity 26942K, committed 27008K, reserved 1073152K
  class space    used 3446K, capacity 3651K, committed 3712K, reserved 1048576K
}
Event: 10.036 GC heap before
{Heap before GC invocations=7 (full 0):
 garbage-first heap   total 262144K, used 76307K [0x0000000080000000, 0x0000000100000000)
  region size 1024K, 61 young (62464K), 4 survivors (4096K)
 Metaspace       used 35128K, capacity 35921K, committed 36048K, reserved 1081344K
  class space    used 4562K, capacity 4863K, committed 4864K, reserved 1048576K
}
Event: 10.049 GC heap after
{Heap after GC invocations=8 (full 0):
 garbage-first heap   total 262144K, used 22346K [0x0000000080000000, 0x0000000100000000)
  region size 1024K, 7 young (7168K), 7 survivors (7168K)
 Metaspace       used 35128K, capacity 35921K, committed 36048K, reserved 1081344K
  class space    used 4562K, capacity 4863K, committed 4864K, reserved 1048576K
}
Event: 15.217 GC heap before
{Heap before GC invocations=9 (full 0):
 garbage-first heap   total 262144K, used 171850K [0x0000000080000000, 0x0000000100000000)
  region size 1024K, 153 young (156672K), 7 survivors (7168K)
 Metaspace       used 46845K, capacity 48023K, committed 48284K, reserved 1091584K
  class space    used 6093K, capacity 6564K, committed 6656K, reserved 1048576K
}
Event: 15.247 GC heap after
{Heap after GC invocations=10 (full 0):
 garbage-first heap   total 262144K, used 30625K [0x0000000080000000, 0x0000000100000000)
  region size 1024K, 15 young (15360K), 15 survivors (15360K)
 Metaspace       used 46845K, capacity 48023K, committed 48284K, reserved 1091584K
  class space    used 6093K, capacity 6564K, committed 6656K, reserved 1048576K
}
Event: 19.665 GC heap before
{Heap before GC invocations=10 (full 0):
 garbage-first heap   total 262144K, used 181153K [0x0000000080000000, 0x0000000100000000)
  region size 1024K, 153 young (156672K), 15 survivors (15360K)
 Metaspace       used 57941K, capacity 59342K, committed 59548K, reserved 1101824K
  class space    used 7413K, capacity 7924K, committed 7936K, reserved 1048576K
}
Event: 19.690 GC heap after
{Heap after GC invocations=11 (full 0):
 garbage-first heap   total 262144K, used 49169K [0x0000000080000000, 0x0000000100000000)
  region size 1024K, 18 young (18432K), 18 survivors (18432K)
 Metaspace       used 57941K, capacity 59342K, committed 59548K, reserved 1101824K
  class space    used 7413K, capacity 7924K, committed 7936K, reserved 1048576K
}
Event: 19.910 GC heap before
{Heap before GC invocations=11 (full 0):
 garbage-first heap   total 262144K, used 56337K [0x0000000080000000, 0x0000000100000000)
  region size 1024K, 26 young (26624K), 18 survivors (18432K)
 Metaspace       used 59202K, capacity 60575K, committed 60636K, reserved 1101824K
  class space    used 7550K, capacity 8059K, committed 8064K, reserved 1048576K
}
Event: 19.931 GC heap after
{Heap after GC invocations=12 (full 0):
 garbage-first heap   total 262144K, used 51421K [0x0000000080000000, 0x0000000100000000)
  region size 1024K, 2 young (2048K), 2 survivors (2048K)
 Metaspace       used 59202K, capacity 60575K, committed 60636K, reserved 1101824K
  class space    used 7550K, capacity 8059K, committed 8064K, reserved 1048576K
}

Deoptimization events (20 events):
Event: 18.366 Thread 0x000001cfff0e0800 Uncommon trap: trap_request=0xffffff4d fr.pc=0x000001cf87cbd58c relative=0x0000000000005b8c
Event: 18.366 Thread 0x000001cfff0e0800 Uncommon trap: reason=unstable_if action=reinterpret pc=0x000001cf87cbd58c method=org.objectweb.asm.Frame.execute(IILorg/objectweb/asm/Symbol;Lorg/objectweb/asm/SymbolTable;)V @ 1 c2
Event: 18.366 Thread 0x000001cfff0e0800 DEOPT PACKING pc=0x000001cf87cbd58c sp=0x000000bc7a7f7bb0
Event: 18.366 Thread 0x000001cfff0e0800 DEOPT UNPACKING pc=0x000001cf8004a1af sp=0x000000bc7a7f7b58 mode 2
Event: 18.407 Thread 0x000001cfff0e0800 Uncommon trap: trap_request=0xffffff45 fr.pc=0x000001cf87c07af4 relative=0x0000000000000214
Event: 18.407 Thread 0x000001cfff0e0800 Uncommon trap: reason=unstable_fused_if action=reinterpret pc=0x000001cf87c07af4 method=org.objectweb.asm.ByteVector.putUTF8(Ljava/lang/String;)Lorg/objectweb/asm/ByteVector; @ 93 c2
Event: 18.407 Thread 0x000001cfff0e0800 DEOPT PACKING pc=0x000001cf87c07af4 sp=0x000000bc7a7f7d10
Event: 18.407 Thread 0x000001cfff0e0800 DEOPT UNPACKING pc=0x000001cf8004a1af sp=0x000000bc7a7f7c90 mode 2
Event: 19.691 Thread 0x000001cffc43a000 Uncommon trap: trap_request=0xffffffde fr.pc=0x000001cf87c139ec relative=0x000000000000052c
Event: 19.691 Thread 0x000001cffc43a000 Uncommon trap: reason=class_check action=maybe_recompile pc=0x000001cf87c139ec method=jdk.internal.ref.PhantomCleanable.clean()V @ 12 c2
Event: 19.691 Thread 0x000001cffc43a000 DEOPT PACKING pc=0x000001cf87c139ec sp=0x000000bc79cfec70
Event: 19.691 Thread 0x000001cffc43a000 DEOPT UNPACKING pc=0x000001cf8004a1af sp=0x000000bc79cfec50 mode 2
Event: 19.904 Thread 0x000001cfff0e0800 Uncommon trap: trap_request=0xffffffc6 fr.pc=0x000001cf87dcedb8 relative=0x0000000000000058
Event: 19.904 Thread 0x000001cfff0e0800 Uncommon trap: reason=bimorphic_or_optimized_type_check action=maybe_recompile pc=0x000001cf87dcedb8 method=java.util.AbstractQueue.add(Ljava/lang/Object;)Z @ 2 c2
Event: 19.904 Thread 0x000001cfff0e0800 DEOPT PACKING pc=0x000001cf87dcedb8 sp=0x000000bc7a7f7c20
Event: 19.904 Thread 0x000001cfff0e0800 DEOPT UNPACKING pc=0x000001cf8004a1af sp=0x000000bc7a7f7be8 mode 2
Event: 19.904 Thread 0x000001cfff0e0800 Uncommon trap: trap_request=0xffffffc6 fr.pc=0x000001cf87dcedb8 relative=0x0000000000000058
Event: 19.904 Thread 0x000001cfff0e0800 Uncommon trap: reason=bimorphic_or_optimized_type_check action=maybe_recompile pc=0x000001cf87dcedb8 method=java.util.AbstractQueue.add(Ljava/lang/Object;)Z @ 2 c2
Event: 19.904 Thread 0x000001cfff0e0800 DEOPT PACKING pc=0x000001cf87dcedb8 sp=0x000000bc7a7f7c20
Event: 19.904 Thread 0x000001cfff0e0800 DEOPT UNPACKING pc=0x000001cf8004a1af sp=0x000000bc7a7f7be8 mode 2

Classes redefined (0 events):
No events

Internal exceptions (20 events):
Event: 17.387 Thread 0x000001cfff0e0800 Exception <a 'java/security/PrivilegedActionException'{0x000000008a5acf80}> (0x000000008a5acf80) thrown at [./src/hotspot/share/prims/jvm.cpp, line 1306]
Event: 17.441 Thread 0x000001cfff0e0800 Implicit null exception at 0x000001cf87b554bd to 0x000001cf87b5605a
Event: 17.873 Thread 0x000001cfff0e0800 Exception <a 'java/lang/NoSuchMethodError'{0x000000008a0bd148}: 'long java.lang.invoke.DirectMethodHandle$Holder.invokeVirtual(java.lang.Object, java.lang.Object)'> (0x000000008a0bd148) thrown at [./src/hotspot/share/interpreter/linkResolver.cpp, line 773]
Event: 17.876 Thread 0x000001cfff0dc800 Exception <a 'java/lang/NoSuchMethodError'{0x0000000089f080d0}: <clinit>> (0x0000000089f080d0) thrown at [./src/hotspot/share/prims/jni.cpp, line 1365]
Event: 17.881 Thread 0x000001cfff0dc800 Exception <a 'java/lang/NoSuchMethodError'{0x0000000089f25358}: <clinit>> (0x0000000089f25358) thrown at [./src/hotspot/share/prims/jni.cpp, line 1365]
Event: 17.881 Thread 0x000001cfff0dc800 Exception <a 'java/lang/NoSuchMethodError'{0x0000000089f26468}: <clinit>> (0x0000000089f26468) thrown at [./src/hotspot/share/prims/jni.cpp, line 1365]
Event: 17.881 Thread 0x000001cfff0dc800 Exception <a 'java/lang/NoSuchMethodError'{0x0000000089f27770}: <clinit>> (0x0000000089f27770) thrown at [./src/hotspot/share/prims/jni.cpp, line 1365]
Event: 17.882 Thread 0x000001cfff0dc800 Exception <a 'java/lang/NoSuchMethodError'{0x0000000089f28790}: <clinit>> (0x0000000089f28790) thrown at [./src/hotspot/share/prims/jni.cpp, line 1365]
Event: 17.883 Thread 0x000001cfff0dc800 Exception <a 'java/lang/NoSuchMethodError'{0x0000000089f3a830}: <clinit>> (0x0000000089f3a830) thrown at [./src/hotspot/share/prims/jni.cpp, line 1365]
Event: 17.885 Thread 0x000001cfff0dc800 Exception <a 'java/lang/NoSuchMethodError'{0x0000000089f44b18}: <clinit>> (0x0000000089f44b18) thrown at [./src/hotspot/share/prims/jni.cpp, line 1365]
Event: 17.887 Thread 0x000001cfff0dc800 Exception <a 'java/lang/NoSuchMethodError'{0x0000000089fd8468}: <clinit>> (0x0000000089fd8468) thrown at [./src/hotspot/share/prims/jni.cpp, line 1365]
Event: 17.950 Thread 0x000001cfff0e0800 Implicit null exception at 0x000001cf87d44eaf to 0x000001cf87d45620
Event: 18.005 Thread 0x000001cfff0e0800 Exception <a 'java/lang/ClassNotFoundException'{0x0000000089b140e8}: org/gradle/api/internal/plugins/DefaultObjectConfigurationActionBeanInfo> (0x0000000089b140e8) thrown at [./src/hotspot/share/classfile/systemDictionary.cpp, line 231]
Event: 18.006 Thread 0x000001cfff0e0800 Exception <a 'java/lang/ClassNotFoundException'{0x0000000089b4e5a8}: org/gradle/api/internal/plugins/DefaultObjectConfigurationActionCustomizer> (0x0000000089b4e5a8) thrown at [./src/hotspot/share/classfile/systemDictionary.cpp, line 231]
Event: 18.325 Thread 0x000001cfff0e0800 Exception <a 'java/lang/NoSuchMethodError'{0x0000000089074430}: 'java.lang.Object java.lang.invoke.DirectMethodHandle$Holder.invokeStatic(java.lang.Object, java.lang.Object, java.lang.Object, java.lang.Object, int)'> (0x0000000089074430) thrown at [./src/hotspot/share/interpreter/linkResolver.cpp, line 773]
Event: 18.326 Thread 0x000001cfff0e0800 Exception <a 'java/lang/NoSuchMethodError'{0x0000000089078e28}: 'java.lang.Object java.lang.invoke.DirectMethodHandle$Holder.invokeSpecial(java.lang.Object, java.lang.Object, java.lang.Object, java.lang.Object, java.lang.Object, int)'> (0x0000000089078e28) thrown at [./src/hotspot/share/interpreter/linkResolver.cpp, line 773]
Event: 18.327 Thread 0x000001cfff0e0800 Exception <a 'java/lang/NoSuchMethodError'{0x000000008907d468}: 'java.lang.Object java.lang.invoke.Invokers$Holder.linkToTargetMethod(java.lang.Object, java.lang.Object, java.lang.Object, int, java.lang.Object)'> (0x000000008907d468) thrown at [./src/hotspot/share/interpreter/linkResolver.cpp, line 773]
Event: 19.090 Thread 0x000001cfff0e0800 Exception <a 'java/lang/NoSuchMethodError'{0x000000008814e130}: 'java.lang.Object java.lang.invoke.DirectMethodHandle$Holder.invokeSpecial(java.lang.Object, java.lang.Object, int, int, java.lang.Object, java.lang.Object, java.lang.Object)'> (0x000000008814e130) thrown at [./src/hotspot/share/interpreter/linkResolver.cpp, line 773]
Event: 19.090 Thread 0x000001cfff0e0800 Exception <a 'java/lang/NoSuchMethodError'{0x0000000088152958}: 'java.lang.Object java.lang.invoke.DelegatingMethodHandle$Holder.reinvoke_L(java.lang.Object, int, int, java.lang.Object, java.lang.Object, java.lang.Object)'> (0x0000000088152958) thrown at [./src/hotspot/share/interpreter/linkResolver.cpp, line 773]
Event: 19.553 Thread 0x000001cfff0e0800 Exception <a 'java/lang/NoSuchMethodError'{0x0000000087db4388}: 'int java.lang.invoke.DirectMethodHandle$Holder.invokeInterface(java.lang.Object, java.lang.Object, java.lang.Object, java.lang.Object)'> (0x0000000087db4388) thrown at [./src/hotspot/share/interpreter/linkResolver.cpp, line 773]

Events (20 events):
Event: 20.136 loading class org/gradle/api/file/RegularFileProperty
Event: 20.136 loading class org/gradle/api/file/RegularFileProperty done
Event: 20.141 loading class org/gradle/api/provider/ProviderFactory
Event: 20.141 loading class org/gradle/api/provider/ProviderFactory done
Event: 20.141 loading class com/android/build/gradle/internal/SdkComponentsBuildService
Event: 20.141 loading class com/android/build/gradle/internal/SdkComponentsBuildService done
Event: 20.141 loading class com/android/build/gradle/internal/plugins/BasePlugin
Event: 20.141 loading class com/android/build/gradle/internal/plugins/BasePlugin done
Event: 20.141 loading class org/gradle/api/Transformer
Event: 20.141 loading class org/gradle/api/Transformer done
Event: 20.142 loading class org/gradle/api/internal/provider/TransformBackedProvider
Event: 20.142 loading class org/gradle/api/internal/provider/TransformBackedProvider done
Event: 20.144 loading class com/android/build/gradle/internal/AvdComponentsBuildService$RegistrationAction
Event: 20.144 loading class com/android/build/gradle/internal/AvdComponentsBuildService$RegistrationAction done
Event: 20.147 loading class com/android/build/gradle/internal/services/AndroidLocationsBuildService$AndroidLocations
Event: 20.147 loading class com/android/build/gradle/internal/services/AndroidLocationsBuildService$AndroidLocations done
Event: 20.147 loading class com/android/prefs/AbstractAndroidLocations
Event: 20.147 loading class com/android/prefs/AbstractAndroidLocations done
Event: 20.148 loading class com/android/prefs/AndroidLocationsException
Event: 20.148 loading class com/android/prefs/AndroidLocationsException done


Dynamic libraries:
0x00007ff7a6790000 - 0x00007ff7a679a000 	D:\Program Files\Android\Android Studio\jre\bin\java.exe
0x00007ff81b1d0000 - 0x00007ff81b3c7000 	C:\WINDOWS\SYSTEM32\ntdll.dll
0x00007ff81b0d0000 - 0x00007ff81b18d000 	C:\WINDOWS\System32\KERNEL32.DLL
0x00007ff8188f0000 - 0x00007ff818bbd000 	C:\WINDOWS\System32\KERNELBASE.dll
0x00007ff818fb0000 - 0x00007ff8190b0000 	C:\WINDOWS\System32\ucrtbase.dll
0x00007fffdf690000 - 0x00007fffdf6a7000 	D:\Program Files\Android\Android Studio\jre\bin\VCRUNTIME140.dll
0x00007fffda4c0000 - 0x00007fffda4d9000 	D:\Program Files\Android\Android Studio\jre\bin\jli.dll
0x00007ff81aa10000 - 0x00007ff81abb0000 	C:\WINDOWS\System32\USER32.dll
0x00007ff818bc0000 - 0x00007ff818be2000 	C:\WINDOWS\System32\win32u.dll
0x00007ff817cd0000 - 0x00007ff817f6a000 	C:\WINDOWS\WinSxS\amd64_microsoft.windows.common-controls_6595b64144ccf1df_6.0.19041.1110_none_60b5254171f9507e\COMCTL32.dll
0x00007ff819700000 - 0x00007ff81972a000 	C:\WINDOWS\System32\GDI32.dll
0x00007ff81a6e0000 - 0x00007ff81a77e000 	C:\WINDOWS\System32\msvcrt.dll
0x00007ff818e50000 - 0x00007ff818f5b000 	C:\WINDOWS\System32\gdi32full.dll
0x00007ff8190e0000 - 0x00007ff81917d000 	C:\WINDOWS\System32\msvcp_win.dll
0x00007ff819230000 - 0x00007ff819260000 	C:\WINDOWS\System32\IMM32.DLL
0x00007fffd3450000 - 0x00007fffd34ed000 	D:\Program Files\Android\Android Studio\jre\bin\msvcp140.dll
0x00007fffa2c90000 - 0x00007fffa3775000 	D:\Program Files\Android\Android Studio\jre\bin\server\jvm.dll
0x00007ff81abb0000 - 0x00007ff81ac5e000 	C:\WINDOWS\System32\ADVAPI32.dll
0x00007ff81a8b0000 - 0x00007ff81a94c000 	C:\WINDOWS\System32\sechost.dll
0x00007ff81a780000 - 0x00007ff81a8a5000 	C:\WINDOWS\System32\RPCRT4.dll
0x00007ff819390000 - 0x00007ff819398000 	C:\WINDOWS\System32\PSAPI.DLL
0x00007ff800120000 - 0x00007ff800129000 	C:\WINDOWS\SYSTEM32\WSOCK32.dll
0x00007ff81a450000 - 0x00007ff81a4bb000 	C:\WINDOWS\System32\WS2_32.dll
0x00007ff804bd0000 - 0x00007ff804bf7000 	C:\WINDOWS\SYSTEM32\WINMM.dll
0x00007ff80f650000 - 0x00007ff80f65a000 	C:\WINDOWS\SYSTEM32\VERSION.dll
0x00007ff816b60000 - 0x00007ff816b72000 	C:\WINDOWS\SYSTEM32\kernel.appcore.dll
0x00007ff804000000 - 0x00007ff804011000 	D:\Program Files\Android\Android Studio\jre\bin\verify.dll
0x00007ff818320000 - 0x00007ff818504000 	C:\WINDOWS\SYSTEM32\DBGHELP.DLL
0x00007ff8180d0000 - 0x00007ff8180fc000 	C:\WINDOWS\SYSTEM32\dbgcore.DLL
0x00007ff818bf0000 - 0x00007ff818c72000 	C:\WINDOWS\System32\bcryptPrimitives.dll
0x00007ffffea90000 - 0x00007ffffeab9000 	D:\Program Files\Android\Android Studio\jre\bin\java.dll
0x00007ff812690000 - 0x00007ff81269b000 	D:\Program Files\Android\Android Studio\jre\bin\jimage.dll
0x00007ff802130000 - 0x00007ff802148000 	D:\Program Files\Android\Android Studio\jre\bin\zip.dll
0x00007ff8197c0000 - 0x00007ff819f04000 	C:\WINDOWS\System32\SHELL32.dll
0x00007ff816180000 - 0x00007ff816914000 	C:\WINDOWS\SYSTEM32\windows.storage.dll
0x00007ff81a030000 - 0x00007ff81a384000 	C:\WINDOWS\System32\combase.dll
0x00007ff817c60000 - 0x00007ff817c8c000 	C:\WINDOWS\SYSTEM32\Wldp.dll
0x00007ff819650000 - 0x00007ff8196fd000 	C:\WINDOWS\System32\SHCORE.dll
0x00007ff819330000 - 0x00007ff819385000 	C:\WINDOWS\System32\shlwapi.dll
0x00007ff818830000 - 0x00007ff81884f000 	C:\WINDOWS\SYSTEM32\profapi.dll
0x00007ffffd440000 - 0x00007ffffd45a000 	D:\Program Files\Android\Android Studio\jre\bin\net.dll
0x00007ff80b990000 - 0x00007ff80ba9a000 	C:\WINDOWS\SYSTEM32\WINHTTP.dll
0x00007ff817b30000 - 0x00007ff817b9a000 	C:\WINDOWS\system32\mswsock.dll
0x00007ffffbe00000 - 0x00007ffffbe14000 	D:\Program Files\Android\Android Studio\jre\bin\nio.dll
0x00007fffe9a70000 - 0x00007fffe9a97000 	C:\Users\Marcelo\.gradle\wrapper\dists\gradle-7.3.3\native\e1d6ef7f7dcc3fd88c89a11ec53ec762bb8ba0a96d01ffa2cd45eb1d1d8dd5c5\windows-amd64\native-platform.dll
0x00007fffc0100000 - 0x00007fffc0244000 	C:\Users\Marcelo\.gradle\wrapper\dists\gradle-7.3.3\native\5664cfc778a61ccfe75a443a1ab52a65af34e5dc3c78e0209fed803814484fcb\windows-amd64\native-platform-file-events.dll
0x00007ff8125d0000 - 0x00007ff8125da000 	D:\Program Files\Android\Android Studio\jre\bin\management.dll
0x00007ff803f00000 - 0x00007ff803f0d000 	D:\Program Files\Android\Android Studio\jre\bin\management_ext.dll
0x00007ff818680000 - 0x00007ff818698000 	C:\WINDOWS\SYSTEM32\CRYPTSP.dll
0x00007ff817360000 - 0x00007ff817394000 	C:\WINDOWS\system32\rsaenh.dll
0x00007ff8190b0000 - 0x00007ff8190d7000 	C:\WINDOWS\System32\bcrypt.dll
0x00007ff8187b0000 - 0x00007ff8187de000 	C:\WINDOWS\SYSTEM32\USERENV.dll
0x00007ff817c50000 - 0x00007ff817c5c000 	C:\WINDOWS\SYSTEM32\CRYPTBASE.dll
0x00007ff8176b0000 - 0x00007ff8176eb000 	C:\WINDOWS\SYSTEM32\IPHLPAPI.DLL
0x00007ff81a950000 - 0x00007ff81a958000 	C:\WINDOWS\System32\NSI.dll
0x00007ff80f5f0000 - 0x00007ff80f607000 	C:\WINDOWS\SYSTEM32\dhcpcsvc6.DLL
0x00007ff80f750000 - 0x00007ff80f76d000 	C:\WINDOWS\SYSTEM32\dhcpcsvc.DLL
0x00007ff8176f0000 - 0x00007ff8177bb000 	C:\WINDOWS\SYSTEM32\DNSAPI.dll

dbghelp: loaded successfully - version: 4.0.5 - missing functions: none
symbol engine: initialized successfully - sym options: 0x614 - pdb path: .;D:\Program Files\Android\Android Studio\jre\bin;C:\WINDOWS\SYSTEM32;C:\WINDOWS\WinSxS\amd64_microsoft.windows.common-controls_6595b64144ccf1df_6.0.19041.1110_none_60b5254171f9507e;D:\Program Files\Android\Android Studio\jre\bin\server;C:\Users\Marcelo\.gradle\wrapper\dists\gradle-7.3.3\native\e1d6ef7f7dcc3fd88c89a11ec53ec762bb8ba0a96d01ffa2cd45eb1d1d8dd5c5\windows-amd64;C:\Users\Marcelo\.gradle\wrapper\dists\gradle-7.3.3\native\5664cfc778a61ccfe75a443a1ab52a65af34e5dc3c78e0209fed803814484fcb\windows-amd64

VM Arguments:
jvm_args: --add-opens=java.base/java.util=ALL-UNNAMED --add-opens=java.base/java.lang=ALL-UNNAMED --add-opens=java.base/java.lang.invoke=ALL-UNNAMED --add-opens=java.base/java.util=ALL-UNNAMED --add-opens=java.prefs/java.util.prefs=ALL-UNNAMED --add-opens=java.prefs/java.util.prefs=ALL-UNNAMED --add-opens=java.base/java.nio.charset=ALL-UNNAMED --add-opens=java.base/java.net=ALL-UNNAMED --add-opens=java.base/java.util.concurrent.atomic=ALL-UNNAMED -Xmx2048M -Dfile.encoding=windows-1252 -Duser.country=ES -Duser.language=es -Duser.variant 
java_command: org.gradle.launcher.daemon.bootstrap.GradleDaemon 7.2
java_class_path (initial): C:\Users\Marcelo\.gradle\wrapper\dists\gradle-7.3.3\wrapper\dists\gradle-7.2-bin\2dnblmf4td7x66yl1d74lt32g\gradle-7.2\lib\gradle-launcher-7.2.jar
Launcher Type: SUN_STANDARD

[Global flags]
     intx CICompilerCount                          = 3                                         {product} {ergonomic}
     uint ConcGCThreads                            = 1                                         {product} {ergonomic}
     uint G1ConcRefinementThreads                  = 4                                         {product} {ergonomic}
   size_t G1HeapRegionSize                         = 1048576                                   {product} {ergonomic}
    uintx GCDrainStackTargetSize                   = 64                                        {product} {ergonomic}
   size_t InitialHeapSize                          = 268435456                                 {product} {ergonomic}
   size_t MarkStackSize                            = 4194304                                   {product} {ergonomic}
   size_t MaxHeapSize                              = 2147483648                                {product} {command line}
   size_t MaxNewSize                               = 1287651328                                {product} {ergonomic}
   size_t MinHeapDeltaBytes                        = 1048576                                   {product} {ergonomic}
    uintx NonNMethodCodeHeapSize                   = 5830732                                {pd product} {ergonomic}
    uintx NonProfiledCodeHeapSize                  = 122913754                              {pd product} {ergonomic}
    uintx ProfiledCodeHeapSize                     = 122913754                              {pd product} {ergonomic}
    uintx ReservedCodeCacheSize                    = 251658240                              {pd product} {ergonomic}
     bool SegmentedCodeCache                       = true                                      {product} {ergonomic}
     bool UseCompressedClassPointers               = true                                 {lp64_product} {ergonomic}
     bool UseCompressedOops                        = true                                 {lp64_product} {ergonomic}
     bool UseG1GC                                  = true                                      {product} {ergonomic}
     bool UseLargePagesIndividualAllocation        = false                                  {pd product} {ergonomic}

Logging:
Log output configuration:
 #0: stdout all=warning uptime,level,tags
 #1: stderr all=off uptime,level,tags

Environment Variables:
JAVA_HOME=C:\Program Files\Java\jdk-17.0.1
PATH=C:\Python39\Scripts\;C:\Python39\;C:\Program\;d:\program files\extensis\suitcase fusion\;C:\WINDOWS\system32;C:\WINDOWS;C:\WINDOWS\System32\Wbem;C:\WINDOWS\System32\WindowsPowerShell\v1.0\;C:\WINDOWS\System32\OpenSSH\;D:\Program Files\Git\cmd;D:\Program Files\Microsoft SQL Server\Client SDK\ODBC\110\Tools\Binn\;D:\Program Files (x86)\Microsoft SQL Server\120\Tools\Binn\;D:\Program Files\Microsoft SQL Server\120\Tools\Binn\;D:\Program Files\Microsoft SQL Server\120\DTS\Binn\;D:\Program Files (x86)\Microsoft SQL Server\120\Tools\Binn\ManagementStudio\;D:\Program Files (x86)\Microsoft SQL Server\120\DTS\Binn\;C:\Program Files\Java\jdk-17.0.1\bin;C:\Program Files\dotnet\;C:\Users\Marcelo\AppData\Local\Microsoft\WindowsApps;D:\Program Files\Microsoft VS Code\bin;C:\Users\Marcelo\AppData\Local\gitkraken\bin;C:\Users\Marcelo\AppData\Local\Microsoft\WindowsApps;
USERNAME=Marcelo
OS=Windows_NT
PROCESSOR_IDENTIFIER=Intel64 Family 6 Model 142 Stepping 9, GenuineIntel



---------------  S Y S T E M  ---------------

OS: Windows 10 , 64 bit Build 19041 (10.0.19041.1741)
OS uptime: 7 days 19:51 hours

CPU:total 4 (initial active 4) (2 cores per cpu, 2 threads per core) family 6 model 142 stepping 9 microcode 0xb4, cmov, cx8, fxsr, mmx, sse, sse2, sse3, ssse3, sse4.1, sse4.2, popcnt, avx, avx2, aes, clmul, erms, 3dnowpref, lzcnt, ht, tsc, tscinvbit, bmi1, bmi2, adx, fma

Memory: 4k page, system-wide physical 16281M (513M free)
TotalPageFile size 65433M (AvailPageFile size 1M)
current process WorkingSet (physical memory assigned to process): 409M, peak: 409M
current process commit charge ("private bytes"): 476M, peak: 477M

vm_info: OpenJDK 64-Bit Server VM (11.0.12+7-b1504.28-7817840) for windows-amd64 JRE (11.0.12+7-b1504.28-7817840), built on Oct 13 2021 22:12:33 by "builder" with MS VC++ 14.0 (VS2015)

END.
